# Lynis Report
report_version_major=1
report_version_minor=0
report_datetime_start=2025-11-08 08:07:21
auditor=[Not Specified]
lynis_version=3.1.4
os=Linux
os_name=Debian
os_fullname=Debian GNU/Linux 13 (trixie)
os_version=13
linux_version=Debian
os_kernel_version=6.12.48+deb13
os_kernel_version_full=6.12.48+deb13-amd64
hostname=bastion
test_category=all
test_group=all
plugin_directory=/etc/lynis/plugins
lynis_update_available=0
suggestion[]=LYNIS|This release is more than 4 months old. Check the website or GitHub to see if there is an update available.|-|-|
binaries_count=898
binaries_suid_count=/usr/bin/chfn /usr/bin/chsh /usr/bin/gpasswd /usr/bin/mount /usr/bin/newgrp /usr/bin/passwd /usr/bin/sg /usr/bin/su /usr/bin/sudo /usr/bin/sudoedit /usr/bin/umount 
binaries_sgid_count=/usr/bin/chage /usr/bin/crontab /usr/bin/dotlockfile /usr/bin/expiry /usr/bin/ssh-agent /usr/sbin/unix_chkpwd 
binary_paths=/usr/bin,/usr/sbin,/usr/local/bin,/usr/local/sbin
vm=1
vmtype=virtualbox
container=0
notebook=1
systemd=1
plugin_enabled_phase1[]=debian|1.0.1|
suggestion[]=DEB-0280|Install libpam-tmpdir to set $TMP and $TMPDIR for PAM sessions|-|-|
suggestion[]=DEB-0810|Install apt-listbugs to display a list of critical bugs prior to each APT installation.|-|-|
suggestion[]=DEB-0831|Install needrestart, alternatively to debian-goodies, so that you can run needrestart after upgrades to determine which daemons are using old versions of libraries and need restarting.|-|-|
suggestion[]=DEB-0880|Copy /etc/fail2ban/jail.conf to jail.local to prevent it being changed by updates.|-|-|
plugins_enabled=1
hostid=4800550f30f31d018f6edbf94cb601ecf7798d0e
hostid2=9ff3ce3f996df81853f929a1183a2599fa3a3b2db445b42b3c1d9a09b7b338bc
suggestion[]=BOOT-5122|Set a password on GRUB boot loader to prevent altering boot configuration (e.g. boot in single user mode without password)|-|-|
running_service_tool=systemctl
running_service[]=auditd
running_service[]=cron
running_service[]=dbus
running_service[]=fail2ban
running_service[]=getty@tty1
running_service[]=rsyslog
running_service[]=ssh
running_service[]=systemd-journald
running_service[]=systemd-logind
running_service[]=systemd-timesyncd
running_service[]=systemd-udevd
running_service[]=user@1000
running_service[]=wpa_supplicant
boot_service_tool=systemctl
boot_service[]=anacron
boot_service[]=apparmor
boot_service[]=audit-rules
boot_service[]=auditd
boot_service[]=bluetooth
boot_service[]=console-setup
boot_service[]=cron
boot_service[]=e2scrub_reap
boot_service[]=fail2ban
boot_service[]=getty@
boot_service[]=grub-common
boot_service[]=keyboard-setup
boot_service[]=networking
boot_service[]=rsyslog
boot_service[]=ssh
boot_service[]=sshd-keygen
boot_service[]=systemd-pstore
boot_service[]=systemd-timesyncd
boot_service[]=wpa_supplicant
boot_service[]=wtmpdb-update-boot
suggestion[]=BOOT-5180|Determine runlevel and services at startup|-|-|
uptime_in_seconds=2523
uptime_in_days=0
suggestion[]=BOOT-5264|Consider hardening system services|Run '/usr/bin/systemd-analyze security SERVICE' for each service|-|
boot_loader=GRUB2
boot_uefi_booted=0
boot_uefi_booted_secure=0
service_manager=systemd
linux_default_runlevel=5
cpu_pae=1
cpu_nx=1
linux_kernel_release=6.12.48+deb13-amd64
linux_kernel_version=#1 SMP PREEMPT_DYNAMIC Debian 6.12.48-1 (2025-09-20)
linux_kernel_type=modular
loaded_kernel_module[]=ac
loaded_kernel_module[]=ac97_bus
loaded_kernel_module[]=aesni_intel
loaded_kernel_module[]=ahci
loaded_kernel_module[]=ata_generic
loaded_kernel_module[]=ata_piix
loaded_kernel_module[]=autofs4
loaded_kernel_module[]=battery
loaded_kernel_module[]=binfmt_misc
loaded_kernel_module[]=button
loaded_kernel_module[]=cdrom
loaded_kernel_module[]=configfs
loaded_kernel_module[]=crc16
loaded_kernel_module[]=crc32_pclmul
loaded_kernel_module[]=crc32c_generic
loaded_kernel_module[]=crc32c_intel
loaded_kernel_module[]=crct10dif_pclmul
loaded_kernel_module[]=cryptd
loaded_kernel_module[]=crypto_simd
loaded_kernel_module[]=drm
loaded_kernel_module[]=drm_kms_helper
loaded_kernel_module[]=drm_ttm_helper
loaded_kernel_module[]=e1000
loaded_kernel_module[]=efi_pstore
loaded_kernel_module[]=evdev
loaded_kernel_module[]=ext4
loaded_kernel_module[]=fat
loaded_kernel_module[]=gf128mul
loaded_kernel_module[]=ghash_clmulni_intel
loaded_kernel_module[]=hid
loaded_kernel_module[]=hid_generic
loaded_kernel_module[]=i2c_piix4
loaded_kernel_module[]=i2c_smbus
loaded_kernel_module[]=intel_pmc_core
loaded_kernel_module[]=intel_powerclamp
loaded_kernel_module[]=intel_rapl_common
loaded_kernel_module[]=intel_rapl_msr
loaded_kernel_module[]=intel_uncore_frequency_common
loaded_kernel_module[]=intel_vsec
loaded_kernel_module[]=ip_tables
loaded_kernel_module[]=jbd2
loaded_kernel_module[]=joydev
loaded_kernel_module[]=libahci
loaded_kernel_module[]=libata
loaded_kernel_module[]=mbcache
loaded_kernel_module[]=nfnetlink
loaded_kernel_module[]=nls_ascii
loaded_kernel_module[]=nls_cp437
loaded_kernel_module[]=pcspkr
loaded_kernel_module[]=pmt_class
loaded_kernel_module[]=pmt_telemetry
loaded_kernel_module[]=psmouse
loaded_kernel_module[]=rapl
loaded_kernel_module[]=scsi_common
loaded_kernel_module[]=scsi_mod
loaded_kernel_module[]=sd_mod
loaded_kernel_module[]=serio_raw
loaded_kernel_module[]=sg
loaded_kernel_module[]=sha1_ssse3
loaded_kernel_module[]=sha256_ssse3
loaded_kernel_module[]=sha512_ssse3
loaded_kernel_module[]=snd
loaded_kernel_module[]=snd_ac97_codec
loaded_kernel_module[]=snd_intel8x0
loaded_kernel_module[]=snd_pcm
loaded_kernel_module[]=snd_timer
loaded_kernel_module[]=soundcore
loaded_kernel_module[]=sr_mod
loaded_kernel_module[]=ttm
loaded_kernel_module[]=uas
loaded_kernel_module[]=usb_common
loaded_kernel_module[]=usb_storage
loaded_kernel_module[]=usbcore
loaded_kernel_module[]=usbhid
loaded_kernel_module[]=vboxguest
loaded_kernel_module[]=vfat
loaded_kernel_module[]=vga16fb
loaded_kernel_module[]=vgastate
loaded_kernel_module[]=video
loaded_kernel_module[]=vmw_vmci
loaded_kernel_module[]=vmw_vsock_virtio_transport_common
loaded_kernel_module[]=vmw_vsock_vmci_transport
loaded_kernel_module[]=vmwgfx
loaded_kernel_module[]=vsock
loaded_kernel_module[]=vsock_loopback
loaded_kernel_module[]=wmi
loaded_kernel_module[]=x_tables
loaded_kernel_module[]=xhci_hcd
loaded_kernel_module[]=xhci_pci
linux_config_file=/boot/config-6.12.48+deb13-amd64
memory_size=990648
memory_units=kB
auth_group_ids_unique=1
auth_group_names_unique=1
suggestion[]=AUTH-9230|Configure password hashing rounds in /etc/login.defs|-|-|
real_user[]=root,0
real_user[]=jessie,1000
real_user[]=gitops,1001
real_user[]=aptuser,1002
suggestion[]=AUTH-9262|Install a PAM module for password strength testing like pam_cracklib or pam_passwdqc or libpam-passwdqc|-|-|
pam_module[]=/lib/x86_64-linux-gnu/security/pam_access.so
pam_module[]=/lib/x86_64-linux-gnu/security/pam_canonicalize_user.so
pam_module[]=/lib/x86_64-linux-gnu/security/pam_debug.so
pam_module[]=/lib/x86_64-linux-gnu/security/pam_deny.so
pam_module[]=/lib/x86_64-linux-gnu/security/pam_echo.so
pam_module[]=/lib/x86_64-linux-gnu/security/pam_env.so
pam_module[]=/lib/x86_64-linux-gnu/security/pam_exec.so
pam_module[]=/lib/x86_64-linux-gnu/security/pam_faildelay.so
pam_module[]=/lib/x86_64-linux-gnu/security/pam_faillock.so
pam_module[]=/lib/x86_64-linux-gnu/security/pam_filter.so
pam_module[]=/lib/x86_64-linux-gnu/security/pam_ftp.so
pam_module[]=/lib/x86_64-linux-gnu/security/pam_group.so
pam_module[]=/lib/x86_64-linux-gnu/security/pam_issue.so
pam_module[]=/lib/x86_64-linux-gnu/security/pam_keyinit.so
pam_module[]=/lib/x86_64-linux-gnu/security/pam_limits.so
pam_module[]=/lib/x86_64-linux-gnu/security/pam_listfile.so
pam_module[]=/lib/x86_64-linux-gnu/security/pam_localuser.so
pam_module[]=/lib/x86_64-linux-gnu/security/pam_loginuid.so
pam_module[]=/lib/x86_64-linux-gnu/security/pam_mail.so
pam_module[]=/lib/x86_64-linux-gnu/security/pam_mkhomedir.so
pam_module[]=/lib/x86_64-linux-gnu/security/pam_motd.so
pam_module[]=/lib/x86_64-linux-gnu/security/pam_namespace.so
pam_module[]=/lib/x86_64-linux-gnu/security/pam_nologin.so
pam_module[]=/lib/x86_64-linux-gnu/security/pam_permit.so
pam_module[]=/lib/x86_64-linux-gnu/security/pam_pwhistory.so
pam_module[]=/lib/x86_64-linux-gnu/security/pam_rhosts.so
pam_module[]=/lib/x86_64-linux-gnu/security/pam_rootok.so
pam_module[]=/lib/x86_64-linux-gnu/security/pam_securetty.so
pam_module[]=/lib/x86_64-linux-gnu/security/pam_selinux.so
pam_module[]=/lib/x86_64-linux-gnu/security/pam_sepermit.so
pam_module[]=/lib/x86_64-linux-gnu/security/pam_setquota.so
pam_module[]=/lib/x86_64-linux-gnu/security/pam_shells.so
pam_module[]=/lib/x86_64-linux-gnu/security/pam_stress.so
pam_module[]=/lib/x86_64-linux-gnu/security/pam_succeed_if.so
pam_module[]=/lib/x86_64-linux-gnu/security/pam_systemd.so
pam_module[]=/lib/x86_64-linux-gnu/security/pam_systemd_loadkey.so
pam_module[]=/lib/x86_64-linux-gnu/security/pam_time.so
pam_module[]=/lib/x86_64-linux-gnu/security/pam_timestamp.so
pam_module[]=/lib/x86_64-linux-gnu/security/pam_tty_audit.so
pam_module[]=/lib/x86_64-linux-gnu/security/pam_umask.so
pam_module[]=/lib/x86_64-linux-gnu/security/pam_unix.so
pam_module[]=/lib/x86_64-linux-gnu/security/pam_userdb.so
pam_module[]=/lib/x86_64-linux-gnu/security/pam_usertype.so
pam_module[]=/lib/x86_64-linux-gnu/security/pam_warn.so
pam_module[]=/lib/x86_64-linux-gnu/security/pam_wheel.so
pam_module[]=/lib/x86_64-linux-gnu/security/pam_wtmpdb.so
pam_module[]=/lib/x86_64-linux-gnu/security/pam_xauth.so
suggestion[]=AUTH-9282|When possible set expire dates for all password protected accounts|-|-|
suggestion[]=AUTH-9286|Configure minimum password age in /etc/login.defs|-|-|
suggestion[]=AUTH-9286|Configure maximum password age in /etc/login.defs|-|-|
manual_event[]=AUTH-9328:03
suggestion[]=AUTH-9328|Default umask in /etc/login.defs could not be found and defaults usually to 022, which could be more strict like 027|-|-|
auth_failed_logins_logged=0
ldap_auth_enabled=0
ldap_pam_enabled=0
password_min_days=-1
password_max_days=-1
available_shell[]=/bin/sh
available_shell[]=/usr/bin/sh
available_shell[]=/bin/bash
available_shell[]=/usr/bin/bash
available_shell[]=/bin/rbash
available_shell[]=/usr/bin/rbash
available_shell[]=/usr/bin/dash
session_timeout_enabled=0
suggestion[]=FILE-6310|To decrease the impact of a full /home file system, place /home on a separate partition|-|-|
file_systems_ext[]=/|ext4|
file_systems_ext[]=/var|ext4|
file_systems_ext[]=/srv|ext4|
swap_partition[]=UUID=8b43e0a8-3027-46c1-9f7b-e232f4b498f1,UUID=8b43e0a8-3027-46c1-9f7b-e232f4b498f1,
suggestion[]=USB-1000|Disable drivers like USB storage when not used, to prevent unauthorized storage or data theft|-|-|
usb_authorized_default_device[]=/sys/bus/usb/devices/usb1
usb_authorized_device[]=/sys/bus/usb/devices/usb1
usb_authorized_default_device[]=/sys/bus/usb/devices/usb2
usb_authorized_device[]=/sys/bus/usb/devices/usb2
suggestion[]=STRG-1846|Disable drivers like firewire storage when not used, to prevent unauthorized storage or data theft|-|-|
suggestion[]=NAME-4028|Check DNS configuration for the dns domain name|-|-|
localhost-mapped-to=::1
name_cache_used=0
package_manager[]=dpkg
installed_packages=354
suggestion[]=PKGS-7370|Install debsums utility for the verification of packages with known good database.|-|-|
suggestion[]=PKGS-7394|Install package apt-show-versions for patch management purposes|-|-|
installed_kernel_packages=2
suggestion[]=PKGS-7420|Consider using a tool to automatically apply upgrades|-|-|
unattended_upgrade_option_available=1
ipv6_mode=auto
ipv6_only=0
nameserver[]=192.168.0.1
nameserver[]=205.171.2.25
network_interface[]=lo
network_interface[]=enp0s3
network_interface[]=enp0s8
network_mac_address[]=08:00:27:8c:3c:6f
network_mac_address[]=08:00:27:a9:f0:32
network_ipv4_address[]=127.0.0.1
network_ipv4_address[]=192.168.0.60
network_ipv4_address[]=192.168.50.2
network_ipv6_address[]=::1
network_ipv6_address[]=fe80::a00:27ff:fe8c:3c6f
network_ipv6_address[]=fe80::a00:27ff:fea9:f032
network_listen[]=raw,ss,v1|tcp|0.0.0.0:22|sshd|
network_listen[]=raw,ss,v1|tcp|[::]:22|sshd|
suggestion[]=NETW-3200|Determine if protocol 'dccp' is really needed on this system|-|-|
uncommon_network_protocol_enabled=dccp
suggestion[]=NETW-3200|Determine if protocol 'sctp' is really needed on this system|-|-|
uncommon_network_protocol_enabled=sctp
suggestion[]=NETW-3200|Determine if protocol 'rds' is really needed on this system|-|-|
uncommon_network_protocol_enabled=rds
suggestion[]=NETW-3200|Determine if protocol 'tipc' is really needed on this system|-|-|
uncommon_network_protocol_enabled=tipc
imap_daemon=
pop3_daemon=
smtp_daemon=
firewall_software[]=iptables
nft_version=1.1.3
manual[]=Verify if there is a formal process for testing and applying firewall rules
manual[]=Verify all traffic is filtered the right way between the different security zones
manual[]=Verify if a list is available with all required services
manual[]=Make sure an explicit deny all is the default policy for all unmatched traffic
suggestion[]=SSH-7408|Consider hardening SSH configuration|AllowTcpForwarding (set YES to NO)|-|
details[]=SSH-7408|sshd|desc:sshd option AllowTcpForwarding;field:AllowTcpForwarding;prefval:NO;value:YES;|
suggestion[]=SSH-7408|Consider hardening SSH configuration|ClientAliveCountMax (set 3 to 2)|-|
details[]=SSH-7408|sshd|desc:sshd option ClientAliveCountMax;field:ClientAliveCountMax;prefval:2;value:3;|
suggestion[]=SSH-7408|Consider hardening SSH configuration|LogLevel (set INFO to VERBOSE)|-|
details[]=SSH-7408|sshd|desc:sshd option LogLevel;field:LogLevel;prefval:VERBOSE;value:INFO;|
suggestion[]=SSH-7408|Consider hardening SSH configuration|MaxAuthTries (set 6 to 3)|-|
details[]=SSH-7408|sshd|desc:sshd option MaxAuthTries;field:MaxAuthTries;prefval:3;value:6;|
suggestion[]=SSH-7408|Consider hardening SSH configuration|MaxSessions (set 10 to 2)|-|
details[]=SSH-7408|sshd|desc:sshd option MaxSessions;field:MaxSessions;prefval:2;value:10;|
suggestion[]=SSH-7408|Consider hardening SSH configuration|Port (set 22 to )|-|
details[]=SSH-7408|sshd|desc:sshd option Port;field:Port;prefval:;value:22;|
suggestion[]=SSH-7408|Consider hardening SSH configuration|TCPKeepAlive (set YES to NO)|-|
details[]=SSH-7408|sshd|desc:sshd option TCPKeepAlive;field:TCPKeepAlive;prefval:NO;value:YES;|
suggestion[]=SSH-7408|Consider hardening SSH configuration|X11Forwarding (set YES to NO)|-|
details[]=SSH-7408|sshd|desc:sshd option X11Forwarding;field:X11Forwarding;prefval:NO;value:YES;|
suggestion[]=SSH-7408|Consider hardening SSH configuration|AllowAgentForwarding (set YES to NO)|-|
details[]=SSH-7408|sshd|desc:sshd option AllowAgentForwarding;field:AllowAgentForwarding;prefval:NO;value:YES;|
ssh_daemon_running=1
openssh_daemon_running=1
syslog_daemon_present=1
syslog_daemon[]=systemd-journal
syslog_daemon_present=1
syslog_daemon[]=rsyslog
log_directory[]=/var/log
log_directory[]=/var/log/apt
remote_syslog_configured=0
suggestion[]=LOGG-2154|Enable logging to an external logging host for archiving purposes and additional protection|-|-|
log_directory[]=/var/log
log_rotation_config_found=1
log_rotation_tool=logrotate
suggestion[]=BANN-7126|Add a legal banner to /etc/issue, to warn unauthorized users|-|-|
weak_banner_file[]=/etc/issue
suggestion[]=BANN-7130|Add legal banner to /etc/issue.net, to warn unauthorized users|-|-|
crond_running=1
scheduler[]=crond
cronjob[]=17,*,*,*,*,root,cd,/,&&,run-parts,--report,/etc/cron.hourly
cronjob[]=25,6,*,*,*,root,test,-x,/usr/sbin/anacron,||,{,cd,/,&&,run-parts,--report,/etc/cron.daily;,}
cronjob[]=47,6,*,*,7,root,test,-x,/usr/sbin/anacron,||,{,cd,/,&&,run-parts,--report,/etc/cron.weekly;,}
cronjob[]=52,6,1,*,*,root,test,-x,/usr/sbin/anacron,||,{,cd,/,&&,run-parts,--report,/etc/cron.monthly;,}
cronjob[]=/etc/cron.d/anacron
cronjob[]=/etc/cron.d/e2scrub_all
cronjob[]=/etc/cron.d/e2scrub_all
cronjob[]=/etc/cron.daily/logrotate
cronjob[]=/etc/cron.daily/0anacron
cronjob[]=/etc/cron.daily/man-db
cronjob[]=/etc/cron.daily/apt-compat
cronjob[]=/etc/cron.daily/dpkg
cronjob[]=/etc/cron.weekly/0anacron
cronjob[]=/etc/cron.weekly/man-db
cronjob[]=/etc/cron.monthly/0anacron
scheduler[]=anacron
cronjob[]=1,5,cron.daily,run-parts,--report,/etc/cron.daily
cronjob[]=7,10,cron.weekly,run-parts,--report,/etc/cron.weekly
cronjob[]=@monthly,15,cron.monthly,run-parts,--report,/etc/cron.monthly
cronjob[]=@yearly,20,cron.yearly,run-parts,--report,/etc/cron.yearly
suggestion[]=ACCT-9622|Enable process accounting|-|-|
suggestion[]=ACCT-9626|Enable sysstat to collect accounting (no results)|-|-|
audit_trail_tool[]=auditd
linux_auditd_running=1
suggestion[]=ACCT-9630|Audit daemon is enabled with an empty ruleset. Disable the daemon or define rules|-|-|
logfile[]=/var/log/audit/audit.log
audit_daemon_running=1
tz_variable_empty=1
ntp_config_found=0
ntp_config_type_daemon=1
ntp_config_type_eventbased=0
ntp_config_type_scheduled=0
ntp_config_type_startup=0
ntp_daemon=systemd-timesyncd
ntp_daemon_running=1
certificate[]=/etc/ssl/certs/ca-certificates.crt|0|cn:ACCVRAIZ1;notafter:Dec 31 09:37:37 2030 GMT;|
certificates=151
kernel_entropy=256
rng_found=0
apparmor_enabled=1
apparmor_policy_loaded=1
framework_grsecurity=0
framework_selinux=0
suggestion[]=FINT-4350|Install a file integrity tool to monitor changes to critical and sensitive files|-|-|
suggestion[]=TOOL-5002|Determine if automation tools are present for system management|-|-|
ids_ips_tooling[]=fail2ban
fail2ban_config=/etc/fail2ban/jail.conf
fail2ban_enabled_service[]=sshd
automation_tool_present=0
malware_scanner_installed=0
suggestion[]=FILE-7524|Consider restricting file permissions|See screen output or log file|text:Use chmod to change file permissions|
home_directory[]=/
home_directory[]=/bin
home_directory[]=/dev
home_directory[]=/home/aptuser
home_directory[]=/home/gitops
home_directory[]=/home/jessie
home_directory[]=/root
home_directory[]=/run/sshd
home_directory[]=/usr/games
home_directory[]=/usr/lib/dhcpcd
home_directory[]=/usr/sbin
home_directory[]=/var/backups
home_directory[]=/var/cache/man
home_directory[]=/var/mail
details[]=KRNL-6000|sysctl|desc:Disable loading of TTY line disciplines;field:dev.tty.ldisc_autoload;prefval:0;value:1;|
details[]=KRNL-6000|sysctl|desc:Restrict FIFO special device creation behavior;field:fs.protected_fifos;prefval:2;value:1;|
details[]=KRNL-6000|sysctl|desc:Restrict access to kernel symbols;field:kernel.kptr_restrict;prefval:2;value:0;|
details[]=KRNL-6000|sysctl|desc:Restrict module loading once this sysctl value is loaded;field:kernel.modules_disabled;prefval:1;value:0;|
details[]=KRNL-6000|sysctl|desc:Disable magic SysRQ;field:kernel.sysrq;prefval:0;value:438;|
details[]=KRNL-6000|sysctl|desc:Restrict BPF for unprivileged users;field:kernel.unprivileged_bpf_disabled;prefval:1;value:2;|
details[]=KRNL-6000|sysctl|desc:Disable process tracing for everyone;field:kernel.yama.ptrace_scope;prefval:1 2 3;value:0;|
details[]=KRNL-6000|sysctl|desc:Hardened BPF JIT compilation;field:net.core.bpf_jit_harden;prefval:2;value:0;|
details[]=KRNL-6000|sysctl|desc:Disable/Ignore ICMP routing redirects;field:net.ipv4.conf.all.accept_redirects;prefval:0;value:1;|
details[]=KRNL-6000|sysctl|desc:Log all packages for which the host does not have a path back to the source;field:net.ipv4.conf.all.log_martians;prefval:1;value:0;|
details[]=KRNL-6000|sysctl|desc:Enforce ingress/egress filtering for packets;field:net.ipv4.conf.all.rp_filter;prefval:1;value:0;|
details[]=KRNL-6000|sysctl|desc:Disable/Ignore ICMP routing redirects;field:net.ipv4.conf.all.send_redirects;prefval:0;value:1;|
details[]=KRNL-6000|sysctl|desc:Disable/Ignore ICMP routing redirects;field:net.ipv4.conf.default.accept_redirects;prefval:0;value:1;|
details[]=KRNL-6000|sysctl|desc:Log all packages for which the host does not have a path back to the source;field:net.ipv4.conf.default.log_martians;prefval:1;value:0;|
details[]=KRNL-6000|sysctl|desc:Disable/Ignore ICMP routing redirects;field:net.ipv6.conf.all.accept_redirects;prefval:0;value:1;|
details[]=KRNL-6000|sysctl|desc:Disable/Ignore ICMP routing redirects;field:net.ipv6.conf.default.accept_redirects;prefval:0;value:1;|
suggestion[]=KRNL-6000|One or more sysctl values differ from the scan profile and could be tweaked||Change sysctl value or disable test (skip-test=KRNL-6000:<sysctl-key>)|
suggestion[]=HRDN-7230|Harden the system by installing at least one malware scanner, to perform periodic file system scans|-|Install a tool like rkhunter, chkrootkit, OSSEC, Wazuh|
compiler_installed=0
lynis_tests_done=256
report_datetime_end=2025-11-08 08:07:40
dhcp_client_running=0
arpwatch_running=0
firewall_active=1
firewall_empty_ruleset=1
firewall_installed=1
installed_packages_array=|adduser,3.152|alsa-topology-conf,1.2.5.1-3|alsa-ucm-conf,1.2.14-1|anacron,2.3-43|apparmor,4.1.0-1|apt,3.0.3|apt-listchanges,4.8|apt-utils,3.0.3|auditd,1:4.0.2-2+b2|base-files,13.8+deb13u1|base-passwd,3.6.7|bash,5.2.37-2+b5|bash-completion,1:2.16.0-7|bind9-dnsutils,1:9.20.15-1~deb13u1|bind9-host,1:9.20.15-1~deb13u1|bind9-libs:amd64,1:9.20.15-1~deb13u1|bluetooth,5.82-1.1|bluez,5.82-1.1|bsdextrautils,2.41-5|bsdutils,1:2.41-5|busybox,1:1.37.0-6+b3|bzip2,1.0.8-6|ca-certificates,20250419|console-setup,1.240|console-setup-linux,1.240|coreutils,9.7-3|cpio,2.15+dfsg-2|cron,3.0pl1-197|cron-daemon-common,3.0pl1-197|dash,0.5.12-12|dbus,1.16.2-2|dbus-bin,1.16.2-2|dbus-daemon,1.16.2-2|dbus-session-bus-common,1.16.2-2|dbus-system-bus-common,1.16.2-2|dbus-user-session,1.16.2-2|debconf,1.5.91|debconf-i18n,1.5.91|debian-archive-keyring,2025.1|debian-faq,12.2|debianutils,5.23.2|dhcpcd-base,1:10.1.0-11|dictionaries-common,1.30.10|diffutils,1:3.10-4|distro-info-data,0.66|dmidecode,3.6-2|dmsetup,2:1.02.205-2|doc-debian,11.3+nmu1|dpkg,1.22.21|dracut-install,106-6|e2fsprogs,1.47.2-3+b3|eject,2.41-5|emacsen-common,3.0.8|fail2ban,1.1.0-8|fdisk,2.41-5|file,1:5.46-5|findutils,4.10.0-3|gcc-14-base:amd64,14.2.0-19|gettext-base,0.23.1-2|grep,3.11-4|groff-base,1.23.0-9|grub-common,2.12-9|grub-pc,2.12-9|grub-pc-bin,2.12-9|grub2-common,2.12-9|gzip,1.13-1|hostname,3.25|iamerican,3.4.06-1|ibritish,3.4.06-1|ienglish-common,3.4.06-1|ifupdown,0.8.44|inetutils-telnet,2:2.6-3|init,1.69~deb13u1|init-system-helpers,1.69~deb13u1|initramfs-tools,0.148.3|initramfs-tools-bin,0.148.3|initramfs-tools-core,0.148.3|installation-report,2.97|intel-microcode,3.20250812.1~deb13u1|iproute2,6.15.0-1|iputils-ping,3:20240905-3|iso-codes,4.18.0-1|ispell,3.4.06-1|iucode-tool,2.3.1-3|iw,6.9-1|kbd,2.7.1-2|keyboard-configuration,1.240|klibc-utils,2.0.14-1|kmod,34.2-2|krb5-locales,1.21.3-5|laptop-detect,0.16+nmu1|less,668-1|libacl1:amd64,2.3.2-2+b1|libapparmor1:amd64,4.1.0-1|libapt-pkg7.0:amd64,3.0.3|libasound2-data,1.2.14-1|libasound2t64:amd64,1.2.14-1|libatomic1:amd64,14.2.0-19|libattr1:amd64,1:2.5.2-3|libaudit-common,1:4.0.2-2|libaudit1:amd64,1:4.0.2-2+b2|libauparse0t64:amd64,1:4.0.2-2+b2|libblkid1:amd64,2.41-5|libbpf1:amd64,1:1.5.0-3|libbrotli1:amd64,1.1.0-2+b7|libbsd0:amd64,0.12.2-2|libbz2-1.0:amd64,1.0.8-6|libc-bin,2.41-12|libc-l10n,2.41-12|libc6:amd64,2.41-12|libcap-ng0:amd64,0.8.5-4+b1|libcap2-bin,1:2.75-10+b1|libcap2:amd64,1:2.75-10+b1|libcbor0.10:amd64,0.10.2-2|libcom-err2:amd64,1.47.2-3+b3|libcrypt1:amd64,1:4.4.38-1|libdb5.3t64:amd64,5.3.28+dfsg2-9|libdbus-1-3:amd64,1.16.2-2|libdebconfclient0:amd64,0.280|libdevmapper1.02.1:amd64,2:1.02.205-2|libdw1t64:amd64,0.192-4|libedit2:amd64,3.1-20250104-1|libefiboot1t64:amd64,38-3.1+b1|libefivar1t64:amd64,38-3.1+b1|libelf1t64:amd64,0.192-4|libestr0:amd64,0.1.11-2|libexpat1:amd64,2.7.1-2|libext2fs2t64:amd64,1.47.2-3+b3|libfastjson4:amd64,1.2304.0-2|libfdisk1:amd64,2.41-5|libffi8:amd64,3.4.8-2|libfido2-1:amd64,1.15.0-1+b1|libfreetype6:amd64,2.13.3+dfsg-1|libfstrm0:amd64,0.6.1-1+b3|libfuse3-4:amd64,3.17.2-3|libgcc-s1:amd64,14.2.0-19|libgdbm-compat4t64:amd64,1.24-2|libgdbm6t64:amd64,1.24-2|libglib2.0-0t64:amd64,2.84.4-3~deb13u1|libglib2.0-data,2.84.4-3~deb13u1|libgmp10:amd64,2:6.3.0+dfsg-3|libgnutls30t64:amd64,3.8.9-3|libgssapi-krb5-2:amd64,1.21.3-5|libhogweed6t64:amd64,3.10.1-1|libidn2-0:amd64,2.3.8-2|libiw30t64:amd64,30~pre9-18+b1|libjansson4:amd64,2.14-2+b3|libjemalloc2:amd64,5.3.0-3|libjson-c5:amd64,0.18+ds-1|libk5crypto3:amd64,1.21.3-5|libkeyutils1:amd64,1.6.3-6|libklibc:amd64,2.0.14-1|libkmod2:amd64,34.2-2|libkrb5-3:amd64,1.21.3-5|libkrb5support0:amd64,1.21.3-5|liblastlog2-2:amd64,2.41-5|liblmdb0:amd64,0.9.31-1+b2|liblocale-gettext-perl,1.07-7+b1|liblockfile-bin,1.17-2|liblognorm5:amd64,2.0.6-5|liblsof0,4.99.4+dfsg-2|liblz4-1:amd64,1.10.0-4|liblzma5:amd64,5.8.1-1|libmagic-mgc,1:5.46-5|libmagic1t64:amd64,1:5.46-5|libmaxminddb0:amd64,1.12.2-1|libmd0:amd64,1.1.0-2+b1|libmnl0:amd64,1.0.5-3|libmount1:amd64,2.41-5|libncursesw6:amd64,6.5+20250216-2|libnettle8t64:amd64,3.10.1-1|libnewt0.52:amd64,0.52.25-1|libnftables1:amd64,1.1.3-1|libnftnl11:amd64,1.2.9-1|libnghttp2-14:amd64,1.64.0-1.1|libnl-3-200:amd64,3.7.0-2|libnl-genl-3-200:amd64,3.7.0-2|libnl-route-3-200:amd64,3.7.0-2|libnss-systemd:amd64,257.8-1~deb13u2|libp11-kit0:amd64,0.25.5-3|libpam-modules-bin,1.7.0-5|libpam-modules:amd64,1.7.0-5|libpam-runtime,1.7.0-5|libpam-systemd:amd64,257.8-1~deb13u2|libpam-wtmpdb:amd64,0.73.0-3|libpam0g:amd64,1.7.0-5|libpci3:amd64,1:3.13.0-2|libpcre2-8-0:amd64,10.46-1~deb13u1|libpcsclite1:amd64,2.3.3-1|libperl5.40:amd64,5.40.1-6|libpipeline1:amd64,1.5.8-1|libpng16-16t64:amd64,1.6.48-1|libpopt0:amd64,1.19+dfsg-2|libproc2-0:amd64,2:4.0.4-9|libprotobuf-c1:amd64,1.5.1-1|libpsl5t64:amd64,0.21.2-1.1+b1|libpython3-stdlib:amd64,3.13.5-1|libpython3.13-minimal:amd64,3.13.5-2|libpython3.13-stdlib:amd64,3.13.5-2|libreadline8t64:amd64,8.2-6|libseccomp2:amd64,2.6.0-2|libselinux1:amd64,3.8.1-1|libsemanage-common,3.8.1-1|libsemanage2:amd64,3.8.1-1|libsepol2:amd64,3.8.1-1|libslang2:amd64,2.3.3-5+b2|libsmartcols1:amd64,2.41-5|libsqlite3-0:amd64,3.46.1-7|libss2:amd64,1.47.2-3+b3|libssl3t64:amd64,3.5.1-1+deb13u1|libstdc++6:amd64,14.2.0-19|libsystemd-shared:amd64,257.8-1~deb13u2|libsystemd0:amd64,257.8-1~deb13u2|libtasn1-6:amd64,4.20.0-2|libtext-charwidth-perl:amd64,0.04-11+b4|libtext-iconv-perl:amd64,1.7-8+b4|libtext-wrapi18n-perl,0.06-10|libtinfo6:amd64,6.5+20250216-2|libtirpc-common,1.3.6+ds-1|libtirpc3t64:amd64,1.3.6+ds-1|libuchardet0:amd64,0.0.8-1+b2|libudev1:amd64,257.8-1~deb13u2|libunistring5:amd64,1.3-2|liburcu8t64:amd64,0.15.2-2|libusb-1.0-0:amd64,2:1.0.28-1|libuuid1:amd64,2.41-5|libuv1t64:amd64,1.50.0-2|libwrap0:amd64,7.6.q-36|libwtmpdb0:amd64,0.73.0-3|libx11-6:amd64,2:1.8.12-1|libx11-data,2:1.8.12-1|libxau6:amd64,1:1.0.11-1|libxcb1:amd64,1.17.0-2+b1|libxdmcp6:amd64,1:1.1.5-1|libxext6:amd64,2:1.3.4-1+b3|libxml2:amd64,2.12.7+dfsg+really2.9.14-2.1+deb13u1|libxmuu1:amd64,2:1.1.3-3+b4|libxtables12:amd64,1.8.11-2|libxxhash0:amd64,0.8.3-2|libzstd1:amd64,1.5.7+dfsg-1|linux-base,4.12|linux-image-6.12.43+deb13-amd64,6.12.43-1|linux-image-6.12.48+deb13-amd64,6.12.48-1|linux-image-amd64,6.12.48-1|linux-sysctl-defaults,4.12|locales,2.41-12|login,1:4.16.0-2+really2.41-5|login.defs,1:4.17.4-2|logrotate,3.22.0-1|logsave,1.47.2-3+b3|lsb-release,12.1-1|lsof,4.99.4+dfsg-2|lynis,3.1.4-1|man-db,2.13.1-1|manpages,6.9.1-1|mawk,1.3.4.20250131-1|media-types,13.0.0|menu,2.1.51|mount,2.41-5|nano,8.4-1|ncurses-base,6.5+20250216-2|ncurses-bin,6.5+20250216-2|ncurses-term,6.5+20250216-2|netbase,6.5|netcat-traditional,1.10-50|nftables,1.1.3-1|openssh-client,1:10.0p1-7|openssh-server,1:10.0p1-7|openssh-sftp-server,1:10.0p1-7|openssl,3.5.1-1+deb13u1|openssl-provider-legacy,3.5.1-1+deb13u1|os-prober,1.83|passwd,1:4.17.4-2|pci.ids,0.0~2025.06.09-1|pciutils,1:3.13.0-2|perl,5.40.1-6|perl-base,5.40.1-6|perl-modules-5.40,5.40.1-6|powertop,2.15-4|procps,2:4.0.4-9|publicsuffix,20250328.1952-0.1|python-apt-common,3.0.0|python3,3.13.5-1|python3-apt,3.0.0|python3-autocommand,2.2.2-3|python3-certifi,2025.1.31+ds-1|python3-chardet,5.2.0+dfsg-2|python3-charset-normalizer,3.4.2-1|python3-debconf,1.5.91|python3-debian,1.0.1|python3-debianbts,4.1.1|python3-idna,3.10-1|python3-inflect,7.3.1-2|python3-jaraco.context,6.0.1-1|python3-jaraco.functools,4.1.0-1|python3-jaraco.text,4.0.0-1|python3-minimal,3.13.5-1|python3-more-itertools,10.7.0-1|python3-pkg-resources,78.1.1-0.1|python3-pyasyncore,1.0.2-3|python3-pyinotify,0.9.6-5|python3-reportbug,13.2.0|python3-requests,2.32.3+dfsg-5|python3-setuptools,78.1.1-0.1|python3-systemd,235-1+b6|python3-typeguard,4.4.2-1|python3-typing-extensions,4.13.2-1|python3-urllib3,2.3.0-3|python3-zipp,3.21.0-1|python3.13,3.13.5-2|python3.13-minimal,3.13.5-2|readline-common,8.2-6|reportbug,13.2.0|rsyslog,8.2504.0-1|runit-helper,2.16.4|sed,4.9-2|sensible-utils,0.0.25|shared-mime-info,2.4-5+b2|sqv,1.3.0-3|sudo,1.9.16p2-3|systemd,257.8-1~deb13u2|systemd-sysv,257.8-1~deb13u2|systemd-timesyncd,257.8-1~deb13u2|sysvinit-utils,3.14-4|tar,1.35+dfsg-3.1|task-english,3.81|task-laptop,3.81|task-ssh-server,3.81|tasksel,3.81|tasksel-data,3.81|traceroute,1:2.1.6-1|tzdata,2025b-4+deb13u1|ucf,3.0052|udev,257.8-1~deb13u2|usbutils,1:018-2|util-linux,2.41-5|util-linux-extra,2.41-5|util-linux-locales,2.41-5|vim-common,2:9.1.1230-2|vim-tiny,2:9.1.1230-2|wamerican,2020.12.07-4|wget,1.25.0-2|whiptail,0.52.25-1|whois,5.6.3|wireless-regdb,2025.07.10-1|wireless-tools,30~pre9-18+b1|wpasupplicant,2:2.10-24|wtmpdb,0.73.0-3|xauth,1:1.1.2-1.1|xdg-user-dirs,0.18-2|xkb-data,2.42-1|xz-utils,5.8.1-1|zlib1g:amd64,1:1.3.dfsg+really1.3.1-1+b1|zstd,1.5.7+dfsg-1
package_audit_tool=apt-get
package_audit_tool_found=1
vulnerable_packages_found=0
hardening_index=65
tests_executed=HRDN-7231|HRDN-7230|HRDN-7222|HRDN-7220|KRNL-6000|HOME-9350|HOME-9310|HOME-9306|HOME-9304|HOME-9302|FILE-7524|MALW-3290|MALW-3291|MALW-3284|MALW-3282|MALW-3280|MALW-3278|MALW-3276|MALW-3275|MALW-3274|TOOL-5190|TOOL-5128|TOOL-5126|TOOL-5130|TOOL-5122|TOOL-5120|TOOL-5104|TOOL-5102|TOOL-5002|FINT-4350|FINT-4344|FINT-4338|FINT-4330|FINT-4328|FINT-4326|FINT-4322|FINT-4318|FINT-4314|FINT-4310|MACF-6290|RBAC-6272|MACF-6240|MACF-6232|MACF-6208|MACF-6204|CONT-8102|CRYP-8006|CRYP-8005|CRYP-8004|CRYP-8002|CRYP-7930|CRYP-7902|TIME-3185|TIME-3170|TIME-3148|TIME-3104|ACCT-9636|ACCT-9634|ACCT-9632|ACCT-9630|ACCT-9628|ACCT-9626|ACCT-9622|SCHD-7718|SCHD-7704|SCHD-7702|BANN-7130|BANN-7128|BANN-7126|BANN-7124|INSE-8320|INSE-8318|INSE-8316|INSE-8314|INSE-8322|INSE-8310|INSE-8304|INSE-8300|INSE-8102|INSE-8100|INSE-8000|LOGG-2192|LOGG-2190|LOGG-2180|LOGG-2170|LOGG-2154|LOGG-2150|LOGG-2148|LOGG-2146|LOGG-2144|LOGG-2142|LOGG-2138|LOGG-2240|LOGG-2230|LOGG-2210|LOGG-2136|LOGG-2132|LOGG-2130|SQD-3602|PHP-2211|LDAP-2219|DBS-1880|DBS-1860|DBS-1840|DBS-1826|DBS-1820|DBS-1818|DBS-1804|SNMP-3302|SSH-7440|SSH-7408|SSH-7406|SSH-7404|SSH-7402|HTTP-6702|HTTP-6622|FIRE-4594|FIRE-4590|FIRE-4586|FIRE-4540|FIRE-4538|FIRE-4536|FIRE-4524|FIRE-4502|MAIL-8880|MAIL-8860|MAIL-8838|MAIL-8820|MAIL-8814|MAIL-8802|PRNT-2314|PRNT-2304|NETW-3200|NETW-3032|NETW-3030|NETW-3015|NETW-3012|NETW-3008|NETW-3006|NETW-3004|NETW-2705|NETW-2704|NETW-2600|NETW-2400|PKGS-7420|PKGS-7410|PKGS-7398|PKGS-7394|PKGS-7392|PKGS-7390|PKGS-7388|PKGS-7370|PKGS-7346|PKGS-7345|NAME-4408|NAME-4406|NAME-4404|NAME-4402|NAME-4304|NAME-4230|NAME-4202|NAME-4034|NAME-4032|NAME-4028|NAME-4020|NAME-4018|NAME-4016|STRG-1920|STRG-1846|USB-3000|USB-2000|USB-1000|FILE-6430|FILE-6394|FILE-6376|FILE-6374|FILE-6372|FILE-6368|FILE-6363|FILE-6362|FILE-6354|FILE-6344|FILE-6336|FILE-6332|FILE-6329|FILE-6324|FILE-6323|FILE-6310|SHLL-6230|SHLL-6220|SHLL-6211|KRB-1000|AUTH-9408|AUTH-9402|AUTH-9328|AUTH-9308|AUTH-9288|AUTH-9286|AUTH-9284|AUTH-9283|AUTH-9282|AUTH-9278|AUTH-9268|AUTH-9266|AUTH-9264|AUTH-9262|AUTH-9252|AUTH-9250|AUTH-9242|AUTH-9240|AUTH-9234|AUTH-9230|AUTH-9229|AUTH-9228|AUTH-9226|AUTH-9222|AUTH-9216|AUTH-9208|AUTH-9204|PROC-3802|PROC-3614|PROC-3612|PROC-3602|KRNL-5830|KRNL-5820|KRNL-5788|KRNL-5730|KRNL-5728|KRNL-5726|KRNL-5723|KRNL-5695|KRNL-5677|KRNL-5622|BOOT-5264|BOOT-5260|BOOT-5202|BOOT-5184|BOOT-5180|BOOT-5177|BOOT-5155|BOOT-5142|BOOT-5140|BOOT-5139|BOOT-5122|BOOT-5121|BOOT-5116|BOOT-5109|BOOT-5108|BOOT-5104|DEB-0880|DEB-0831|DEB-0811|DEB-0810|DEB-0280|DEB-0001|CORE-1000|
tests_skipped=MALW-3288|MALW-3286|FINT-4402|FINT-4341|FINT-4340|FINT-4339|FINT-4336|FINT-4334|FINT-4316|FINT-4315|MACF-6242|MACF-6234|CONT-8108|CONT-8107|CONT-8106|CONT-8104|CONT-8004|CRYP-7932|CRYP-7931|TIME-3182|TIME-3181|TIME-3180|TIME-3160|TIME-3136|TIME-3132|TIME-3128|TIME-3124|TIME-3120|TIME-3116|TIME-3112|TIME-3106|ACCT-9672|ACCT-9670|ACCT-9662|ACCT-9660|ACCT-9656|ACCT-9654|ACCT-9652|ACCT-9650|ACCT-2760|ACCT-2754|SCHD-7724|SCHD-7720|BANN-7113|INSE-8050|INSE-8200|INSE-8116|INSE-8106|INSE-8104|INSE-8016|INSE-8006|INSE-8004|INSE-8002|LOGG-2164|LOGG-2162|LOGG-2160|LOGG-2153|LOGG-2152|LOGG-2134|SQD-3680|SQD-3630|SQD-3624|SQD-3620|SQD-3616|SQD-3614|SQD-3613|SQD-3610|SQD-3606|SQD-3604|PHP-2382|PHP-2378|PHP-2376|PHP-2374|PHP-2372|PHP-2368|PHP-2320|LDAP-2224|DBS-1888|DBS-1886|DBS-1884|DBS-1882|DBS-1828|DBS-1816|SNMP-3306|SNMP-3304|HTTP-6720|HTTP-6716|HTTP-6714|HTTP-6712|HTTP-6710|HTTP-6708|HTTP-6706|HTTP-6704|HTTP-6660|HTTP-6643|HTTP-6641|HTTP-6640|HTTP-6632|HTTP-6626|HTTP-6624|FIRE-4534|FIRE-4532|FIRE-4530|FIRE-4526|FIRE-4520|FIRE-4518|FIRE-4513|FIRE-4512|FIRE-4508|MAIL-8920|MAIL-8818|MAIL-8817|MAIL-8816|MAIL-8804|PRNT-2420|PRNT-2418|PRNT-2316|PRNT-2308|PRNT-2307|PRNT-2306|PRNT-2302|NETW-3028|NETW-3014|NETW-3001|NETW-2706|PKGS-7395|PKGS-7393|PKGS-7387|PKGS-7386|PKGS-7384|PKGS-7383|PKGS-7382|PKGS-7381|PKGS-7380|PKGS-7378|PKGS-7366|PKGS-7354|PKGS-7352|PKGS-7350|PKGS-7348|PKGS-7334|PKGS-7332|PKGS-7330|PKGS-7328|PKGS-7322|PKGS-7320|PKGS-7314|PKGS-7312|PKGS-7310|PKGS-7308|PKGS-7306|PKGS-7305|PKGS-7304|PKGS-7303|PKGS-7302|PKGS-7301|PKGS-7200|NAME-4306|NAME-4238|NAME-4236|NAME-4232|NAME-4210|NAME-4206|NAME-4204|NAME-4036|NAME-4026|NAME-4024|STRG-1930|STRG-1928|STRG-1926|STRG-1906|STRG-1904|STRG-1902|FILE-6410|FILE-6439|FILE-6330|FILE-6312|FILE-6311|SHLL-6202|KRB-1050|KRB5-1040|KRB5-1030|KRB-1020|KRB-1010|AUTH-9410|AUTH-9409|AUTH-9406|AUTH-9340|AUTH-9306|AUTH-9304|AUTH-9254|AUTH-9218|AUTH-9212|PROC-3604|KRNL-5770|KRNL-5831|KRNL-5745|BOOT-5263|BOOT-5262|BOOT-5170|BOOT-5165|BOOT-5159|BOOT-5126|BOOT-5261|BOOT-5124|BOOT-5117|BOOT-5106|BOOT-5102|DEB-0520|DEB-0510|
finish=true
