
Start-Date: 2025-11-06  21:28:59
Commandline: apt-get -o APT::Status-Fd=4 -o APT::Keep-Fds::=5 -o APT::Keep-Fds::=6 -q -y --no-remove install locales
Install: locales:amd64 (2.41-12), libc-l10n:amd64 (2.41-12, automatic)
End-Date: 2025-11-06  21:29:00

Start-Date: 2025-11-06  14:29:01
Commandline: apt-get -o APT::Status-Fd=4 -o APT::Keep-Fds::=5 -o APT::Keep-Fds::=6 -q -y --no-remove install busybox
Install: busybox:amd64 (1:1.37.0-6+b3)
End-Date: 2025-11-06  14:29:01

Start-Date: 2025-11-06  14:29:01
Commandline: apt-get -o APT::Status-Fd=4 -o APT::Keep-Fds::=5 -o APT::Keep-Fds::=6 -q -y --no-remove install zstd
Install: zstd:amd64 (1.5.7+dfsg-1)
End-Date: 2025-11-06  14:29:01

Start-Date: 2025-11-06  14:29:02
Commandline: apt-get -o APT::Status-Fd=4 -o APT::Keep-Fds::=5 -o APT::Keep-Fds::=6 -q -y --no-remove install initramfs-tools
Install: initramfs-tools-core:amd64 (0.148.3, automatic), initramfs-tools-bin:amd64 (0.148.3, automatic), dracut-install:amd64 (106-6, automatic), klibc-utils:amd64 (2.0.14-1, automatic), linux-base:amd64 (4.12, automatic), libklibc:amd64 (2.0.14-1, automatic), initramfs-tools:amd64 (0.148.3)
End-Date: 2025-11-06  14:29:02

Start-Date: 2025-11-06  14:29:02
Commandline: apt-get -o APT::Status-Fd=4 -o APT::Keep-Fds::=5 -o APT::Keep-Fds::=6 -q -y --no-remove -o APT::Install-Recommends=true install linux-image-amd64
Install: linux-image-6.12.43+deb13-amd64:amd64 (6.12.43-1, automatic), apparmor:amd64 (4.1.0-1, automatic), linux-image-amd64:amd64 (6.12.43-1)
End-Date: 2025-11-06  14:29:14

Start-Date: 2025-11-06  14:29:15
Commandline: apt-get -o APT::Status-Fd=4 -o APT::Keep-Fds::=5 -o APT::Keep-Fds::=6 -q -y --no-remove install pciutils
Install: pciutils:amd64 (1:3.13.0-2), pci.ids:amd64 (0.0~2025.06.09-1, automatic), libpci3:amd64 (1:3.13.0-2, automatic)
End-Date: 2025-11-06  14:29:15

Start-Date: 2025-11-06  14:29:15
Commandline: apt-get -o APT::Status-Fd=4 -o APT::Keep-Fds::=5 -o APT::Keep-Fds::=6 -q -y --no-remove install usbutils
Install: usbutils:amd64 (1:018-2), libusb-1.0-0:amd64 (2:1.0.28-1, automatic)
End-Date: 2025-11-06  14:29:15

Start-Date: 2025-11-06  14:29:15
Commandline: apt-get -o APT::Status-Fd=4 -o APT::Keep-Fds::=5 -o APT::Keep-Fds::=6 -q -y --no-remove install eject
Install: eject:amd64 (2.41-5)
End-Date: 2025-11-06  14:29:15

Start-Date: 2025-11-06  14:29:16
Commandline: apt-get -o APT::Status-Fd=4 -o APT::Keep-Fds::=5 -o APT::Keep-Fds::=6 -q -y --no-remove install keyboard-configuration
Install: xkb-data:amd64 (2.42-1, automatic), keyboard-configuration:amd64 (1.240)
End-Date: 2025-11-06  14:29:17

Start-Date: 2025-11-06  14:29:17
Commandline: apt-get -o APT::Status-Fd=4 -o APT::Keep-Fds::=5 -o APT::Keep-Fds::=6 -q -y --no-remove install console-setup
Install: console-setup:amd64 (1.240), kbd:amd64 (2.7.1-2, automatic), console-setup-linux:amd64 (1.240, automatic)
End-Date: 2025-11-06  14:29:18

Start-Date: 2025-11-06  14:31:00
Commandline: apt-get -o APT::Status-Fd=4 -o APT::Keep-Fds::=5 -o APT::Keep-Fds::=6 -q --no-install-recommends -y -o DPkg::options=--force-confnew upgrade --with-new-pkgs
Install: linux-image-6.12.48+deb13-amd64:amd64 (6.12.48-1, automatic)
Upgrade: udev:amd64 (257.8-1~deb13u1, 257.8-1~deb13u2), openssl-provider-legacy:amd64 (3.5.1-1, 3.5.1-1+deb13u1), libsystemd0:amd64 (257.8-1~deb13u1, 257.8-1~deb13u2), systemd:amd64 (257.8-1~deb13u1, 257.8-1~deb13u2), libudev1:amd64 (257.8-1~deb13u1, 257.8-1~deb13u2), linux-image-amd64:amd64 (6.12.43-1, 6.12.48-1), libsystemd-shared:amd64 (257.8-1~deb13u1, 257.8-1~deb13u2), libssl3t64:amd64 (3.5.1-1, 3.5.1-1+deb13u1), systemd-sysv:amd64 (257.8-1~deb13u1, 257.8-1~deb13u2)
End-Date: 2025-11-06  14:31:17

Start-Date: 2025-11-06  14:31:18
Commandline: apt-get -o APT::Status-Fd=4 -o APT::Keep-Fds::=5 -o APT::Keep-Fds::=6 -q -y --no-remove install laptop-detect
Install: laptop-detect:amd64 (0.16+nmu1)
End-Date: 2025-11-06  14:31:18

Start-Date: 2025-11-06  14:31:19
Commandline: apt-get -o APT::Status-Fd=4 -o APT::Keep-Fds::=5 -o APT::Keep-Fds::=6 -q -y --no-remove -o APT::Install-Recommends=false install installation-report
Install: installation-report:amd64 (2.97)
End-Date: 2025-11-06  14:31:19

Start-Date: 2025-11-06  14:31:46
Commandline: apt-get -o APT::Status-Fd=4 -o APT::Keep-Fds::=5 -o APT::Keep-Fds::=6 -q -y --no-remove -o APT::Install-Recommends=false install popularity-contest
Install: popularity-contest:amd64 (1.78)
End-Date: 2025-11-06  14:31:46

Start-Date: 2025-11-06  14:31:47
Commandline: apt-get -o APT::Status-Fd=4 -o APT::Keep-Fds::=5 -o APT::Keep-Fds::=6 -q -y --no-remove install tasksel
Install: tasksel-data:amd64 (3.81, automatic), tasksel:amd64 (3.81)
End-Date: 2025-11-06  14:31:47

Start-Date: 2025-11-06  14:32:15
Commandline: apt-get -o APT::Status-Fd=4 -o APT::Keep-Fds::=5 -o APT::Keep-Fds::=6 -q -y -o APT::Install-Recommends=true -o APT::Get::AutomaticRemove=true -o Acquire::Retries=3 install task-english task-ssh-server task-laptop ca-certificates libnss-systemd wget doc-debian bind9-dnsutils libpam-systemd gettext-base openssh-client ucf lsof file systemd-timesyncd wtmpdb manpages util-linux-extra media-types krb5-locales dbus bash-completion liblockfile-bin apt-listchanges traceroute netcat-traditional bind9-host wamerican ncurses-term xz-utils bzip2 groff-base reportbug inetutils-telnet debian-faq man-db perl
Install: reportbug:amd64 (13.2.0), lsb-release:amd64 (12.1-1, automatic), libpam-wtmpdb:amd64 (0.73.0-3, automatic), libperl5.40:amd64 (5.40.1-6, automatic), libwrap0:amd64 (7.6.q-36, automatic), krb5-locales:amd64 (1.21.3-5), python3.13:amd64 (3.13.5-2, automatic), bind9-host:amd64 (1:9.20.15-1~deb13u1), libffi8:amd64 (3.4.8-2, automatic), libnghttp2-14:amd64 (1.64.0-1.1, automatic), openssh-client:amd64 (1:10.0p1-7), libnl-3-200:amd64 (3.7.0-2, automatic), libnl-genl-3-200:amd64 (3.7.0-2, automatic), util-linux-locales:amd64 (2.41-5, automatic), dbus-user-session:amd64 (1.16.2-2, automatic), libgdbm-compat4t64:amd64 (1.24-2, automatic), wpasupplicant:amd64 (2:2.10-24, automatic), systemd-timesyncd:amd64 (257.8-1~deb13u2), perl:amd64 (5.40.1-6), libmagic-mgc:amd64 (1:5.46-5, automatic), libtasn1-6:amd64 (4.20.0-2, automatic), python3-minimal:amd64 (3.13.5-1, automatic), libpam-systemd:amd64 (257.8-1~deb13u2), libnl-route-3-200:amd64 (3.7.0-2, automatic), libiw30t64:amd64 (30~pre9-18+b1, automatic), ucf:amd64 (3.0052), libpsl5t64:amd64 (0.21.2-1.1+b1, automatic), libexpat1:amd64 (2.7.1-2, automatic), bluetooth:amd64 (5.82-1.1, automatic), libp11-kit0:amd64 (0.25.5-3, automatic), libcbor0.10:amd64 (0.10.2-2, automatic), libxmuu1:amd64 (2:1.1.3-3+b4, automatic), libpython3.13-stdlib:amd64 (3.13.5-2, automatic), python3-reportbug:amd64 (13.2.0, automatic), python3-debianbts:amd64 (4.1.1, automatic), libfido2-1:amd64 (1.15.0-1+b1, automatic), alsa-ucm-conf:amd64 (1.2.14-1, automatic), dbus-daemon:amd64 (1.16.2-2, automatic), wireless-tools:amd64 (30~pre9-18+b1, automatic), ibritish:amd64 (3.4.06-1, automatic), liburcu8t64:amd64 (0.15.2-2, automatic), libxau6:amd64 (1:1.0.11-1, automatic), emacsen-common:amd64 (3.0.8, automatic), file:amd64 (1:5.46-5), bzip2:amd64 (1.0.8-6), python3-requests:amd64 (2.32.3+dfsg-5, automatic), libpipeline1:amd64 (1.5.8-1, automatic), libnss-systemd:amd64 (257.8-1~deb13u2), libxcb1:amd64 (1.17.0-2+b1, automatic), liblockfile-bin:amd64 (1.17-2), iamerican:amd64 (3.4.06-1, automatic), python3:amd64 (3.13.5-1, automatic), openssh-server:amd64 (1:10.0p1-7, automatic), libdbus-1-3:amd64 (1.16.2-2, automatic), wireless-regdb:amd64 (2025.07.10-1, automatic), python3-urllib3:amd64 (2.3.0-3, automatic), runit-helper:amd64 (2.16.4, automatic), dbus-bin:amd64 (1.16.2-2, automatic), task-english:amd64 (3.81), libpython3.13-minimal:amd64 (3.13.5-2, automatic), netcat-traditional:amd64 (1.10-50), libgdbm6t64:amd64 (1.24-2, automatic), libxml2:amd64 (2.12.7+dfsg+really2.9.14-2.1+deb13u1, automatic), xz-utils:amd64 (5.8.1-1), libglib2.0-data:amd64 (2.84.4-3~deb13u1, automatic), python-apt-common:amd64 (3.0.0, automatic), util-linux-extra:amd64 (2.41-5), wamerican:amd64 (2020.12.07-4), wget:amd64 (1.25.0-2), shared-mime-info:amd64 (2.4-5+b2, automatic), task-laptop:amd64 (3.81), libasound2t64:amd64 (1.2.14-1, automatic), gettext-base:amd64 (0.23.1-2), libmaxminddb0:amd64 (1.12.2-1, automatic), publicsuffix:amd64 (20250328.1952-0.1, automatic), libx11-data:amd64 (2:1.8.12-1, automatic), lsof:amd64 (4.99.4+dfsg-2), xdg-user-dirs:amd64 (0.18-2, automatic), libuchardet0:amd64 (0.0.8-1+b2, automatic), libuv1t64:amd64 (1.50.0-2, automatic), libprotobuf-c1:amd64 (1.5.1-1, automatic), xauth:amd64 (1:1.1.2-1.1, automatic), libpcsclite1:amd64 (2.3.3-1, automatic), manpages:amd64 (6.9.1-1), man-db:amd64 (2.13.1-1), dictionaries-common:amd64 (1.30.10, automatic), traceroute:amd64 (1:2.1.6-1), media-types:amd64 (13.0.0), inetutils-telnet:amd64 (2:2.6-3), bind9-dnsutils:amd64 (1:9.20.15-1~deb13u1), ienglish-common:amd64 (3.4.06-1, automatic), debian-faq:amd64 (12.2), ispell:amd64 (3.4.06-1, automatic), python3-apt:amd64 (3.0.0, automatic), python3-certifi:amd64 (2025.1.31+ds-1, automatic), libjemalloc2:amd64 (5.3.0-3, automatic), libjson-c5:amd64 (0.18+ds-1, automatic), task-ssh-server:amd64 (3.81), dbus-session-bus-common:amd64 (1.16.2-2, automatic), libasound2-data:amd64 (1.2.14-1, automatic), distro-info-data:amd64 (0.66, automatic), alsa-topology-conf:amd64 (1.2.5.1-3, automatic), ca-certificates:amd64 (20250419), libwtmpdb0:amd64 (0.73.0-3, automatic), libpython3-stdlib:amd64 (3.13.5-1, automatic), bash-completion:amd64 (1:2.16.0-7), libdw1t64:amd64 (0.192-4, automatic), openssh-sftp-server:amd64 (1:10.0p1-7, automatic), powertop:amd64 (2.15-4, automatic), anacron:amd64 (2.3-43, automatic), bind9-libs:amd64 (1:9.20.15-1~deb13u1, automatic), apt-listchanges:amd64 (4.8), python3.13-minimal:amd64 (3.13.5-2, automatic), liblmdb0:amd64 (0.9.31-1+b2, automatic), libxext6:amd64 (2:1.3.4-1+b3, automatic), doc-debian:amd64 (11.3+nmu1), libgnutls30t64:amd64 (3.8.9-3, automatic), wtmpdb:amd64 (0.73.0-3), iw:amd64 (6.9-1, automatic), python3-idna:amd64 (3.10-1, automatic), bluez:amd64 (5.82-1.1, automatic), python3-chardet:amd64 (5.2.0+dfsg-2, automatic), python3-debconf:amd64 (1.5.91, automatic), perl-modules-5.40:amd64 (5.40.1-6, automatic), libx11-6:amd64 (2:1.8.12-1, automatic), python3-charset-normalizer:amd64 (3.4.2-1, automatic), libmagic1t64:amd64 (1:5.46-5, automatic), groff-base:amd64 (1.23.0-9), dbus-system-bus-common:amd64 (1.16.2-2, automatic), ncurses-term:amd64 (6.5+20250216-2), dbus:amd64 (1.16.2-2), liblsof0:amd64 (4.99.4+dfsg-2, automatic), libfstrm0:amd64 (0.6.1-1+b3, automatic), bsdextrautils:amd64 (2.41-5, automatic), libxdmcp6:amd64 (1:1.1.5-1, automatic), libatomic1:amd64 (14.2.0-19, automatic), iso-codes:amd64 (4.18.0-1, automatic), openssl:amd64 (3.5.1-1+deb13u1, automatic), libglib2.0-0t64:amd64 (2.84.4-3~deb13u1, automatic), python3-debian:amd64 (1.0.1, automatic)
End-Date: 2025-11-06  14:32:32

Start-Date: 2025-11-06  14:32:34
Commandline: apt-get -o APT::Status-Fd=4 -o APT::Keep-Fds::=5 -o APT::Keep-Fds::=6 -q -y --no-remove install grub-common
Install: os-prober:amd64 (1.83, automatic), libfreetype6:amd64 (2.13.3+dfsg-1, automatic), libefivar1t64:amd64 (38-3.1+b1, automatic), libfuse3-4:amd64 (3.17.2-3, automatic), libefiboot1t64:amd64 (38-3.1+b1, automatic), dmsetup:amd64 (2:1.02.205-2, automatic), libbrotli1:amd64 (1.1.0-2+b7, automatic), grub-common:amd64 (2.12-9), libpng16-16t64:amd64 (1.6.48-1, automatic), libdevmapper1.02.1:amd64 (2:1.02.205-2, automatic)
End-Date: 2025-11-06  14:32:40

Start-Date: 2025-11-06  14:32:43
Commandline: apt-get -o APT::Status-Fd=4 -o APT::Keep-Fds::=5 -o APT::Keep-Fds::=6 -q -y --no-remove install grub-pc
Install: grub-pc-bin:amd64 (2.12-9, automatic), grub2-common:amd64 (2.12-9, automatic), grub-pc:amd64 (2.12-9)
End-Date: 2025-11-06  14:32:44

Start-Date: 2025-11-06  14:33:07
Commandline: apt-get -o APT::Status-Fd=4 -o APT::Keep-Fds::=5 -o APT::Keep-Fds::=6 -q -y --no-remove install sudo
Install: sudo:amd64 (1.9.16p2-3)
End-Date: 2025-11-06  14:33:07

Start-Date: 2025-11-06  14:33:24
Commandline: apt-get -o APT::Status-Fd=4 -o APT::Keep-Fds::=5 -o APT::Keep-Fds::=6 -q -y --no-remove -o APT::Install-Recommends=true install intel-microcode
Install: iucode-tool:amd64 (2.3.1-3, automatic), intel-microcode:amd64 (3.20250812.1~deb13u1)
End-Date: 2025-11-06  14:33:29

Start-Date: 2025-11-06  15:03:36
Commandline: apt install lynis nftables fail2ban auditd rsyslog
Requested-By: jessie (1000)
Install: python3-inflect:amd64 (7.3.1-2, automatic), libauparse0t64:amd64 (1:4.0.2-2+b2, automatic), python3-autocommand:amd64 (2.2.2-3, automatic), python3-jaraco.functools:amd64 (4.1.0-1, automatic), python3-pyasyncore:amd64 (1.0.2-3, automatic), python3-typing-extensions:amd64 (4.13.2-1, automatic), python3-jaraco.context:amd64 (6.0.1-1, automatic), fail2ban:amd64 (1.1.0-8), libfastjson4:amd64 (1.2304.0-2, automatic), python3-more-itertools:amd64 (10.7.0-1, automatic), python3-pkg-resources:amd64 (78.1.1-0.1, automatic), lynis:amd64 (3.1.4-1), python3-typeguard:amd64 (4.4.2-1, automatic), menu:amd64 (2.1.51, automatic), python3-pyinotify:amd64 (0.9.6-5, automatic), rsyslog:amd64 (8.2504.0-1), liblognorm5:amd64 (2.0.6-5, automatic), libestr0:amd64 (0.1.11-2, automatic), whois:amd64 (5.6.3, automatic), python3-setuptools:amd64 (78.1.1-0.1, automatic), auditd:amd64 (1:4.0.2-2+b2), python3-jaraco.text:amd64 (4.0.0-1, automatic), python3-zipp:amd64 (3.21.0-1, automatic), python3-systemd:amd64 (235-1+b6, automatic)
End-Date: 2025-11-06  15:03:43
