USER         PID %CPU %MEM    VSZ   RSS TTY      STAT START   TIME COMMAND
root           1  0.4  1.4  23812 14488 ?        Ss   17:56   0:00 /sbin/init
root           2  0.0  0.0      0     0 ?        S    17:56   0:00 [kthreadd]
root           3  0.0  0.0      0     0 ?        S    17:56   0:00 [pool_workqueue_release]
root           4  0.0  0.0      0     0 ?        I<   17:56   0:00 [kworker/R-kvfree_rcu_reclaim]
root           5  0.0  0.0      0     0 ?        I<   17:56   0:00 [kworker/R-rcu_gp]
root           6  0.0  0.0      0     0 ?        I<   17:56   0:00 [kworker/R-sync_wq]
root           7  0.0  0.0      0     0 ?        I<   17:56   0:00 [kworker/R-slub_flushwq]
root           8  0.0  0.0      0     0 ?        I<   17:56   0:00 [kworker/R-netns]
root           9  0.0  0.0      0     0 ?        I    17:56   0:00 [kworker/0:0-rcu_gp]
root          10  1.2  0.0      0     0 ?        I    17:56   0:01 [kworker/0:1-events]
root          11  0.0  0.0      0     0 ?        I<   17:56   0:00 [kworker/0:0H-kblockd]
root          12  0.0  0.0      0     0 ?        I    17:56   0:00 [kworker/u4:0-flush-8:0]
root          13  0.0  0.0      0     0 ?        I<   17:56   0:00 [kworker/R-mm_percpu_wq]
root          14  0.0  0.0      0     0 ?        I    17:56   0:00 [rcu_tasks_kthread]
root          15  0.0  0.0      0     0 ?        I    17:56   0:00 [rcu_tasks_rude_kthread]
root          16  0.0  0.0      0     0 ?        I    17:56   0:00 [rcu_tasks_trace_kthread]
root          17  0.0  0.0      0     0 ?        S    17:56   0:00 [ksoftirqd/0]
root          18  0.0  0.0      0     0 ?        R    17:56   0:00 [rcu_preempt]
root          19  0.0  0.0      0     0 ?        S    17:56   0:00 [rcu_exp_par_gp_kthread_worker/0]
root          20  0.0  0.0      0     0 ?        S    17:56   0:00 [rcu_exp_gp_kthread_worker]
root          21  0.0  0.0      0     0 ?        S    17:56   0:00 [migration/0]
root          22  0.0  0.0      0     0 ?        S    17:56   0:00 [idle_inject/0]
root          23  0.0  0.0      0     0 ?        S    17:56   0:00 [cpuhp/0]
root          25  0.0  0.0      0     0 ?        S    17:56   0:00 [kdevtmpfs]
root          26  0.0  0.0      0     0 ?        I<   17:56   0:00 [kworker/R-inet_frag_wq]
root          27  0.0  0.0      0     0 ?        S    17:56   0:00 [kauditd]
root          28  0.0  0.0      0     0 ?        S    17:56   0:00 [khungtaskd]
root          29  0.0  0.0      0     0 ?        I    17:56   0:00 [kworker/u4:1-events_unbound]
root          30  0.0  0.0      0     0 ?        S    17:56   0:00 [oom_reaper]
root          31  0.0  0.0      0     0 ?        I    17:56   0:00 [kworker/u4:2-kvfree_rcu_reclaim]
root          32  0.0  0.0      0     0 ?        I<   17:56   0:00 [kworker/R-writeback]
root          33  0.0  0.0      0     0 ?        S    17:56   0:00 [kcompactd0]
root          34  0.0  0.0      0     0 ?        SN   17:56   0:00 [ksmd]
root          35  0.0  0.0      0     0 ?        SN   17:56   0:00 [khugepaged]
root          36  0.0  0.0      0     0 ?        I<   17:56   0:00 [kworker/R-kintegrityd]
root          37  0.0  0.0      0     0 ?        I<   17:56   0:00 [kworker/R-kblockd]
root          38  0.0  0.0      0     0 ?        I<   17:56   0:00 [kworker/R-blkcg_punt_bio]
root          39  0.0  0.0      0     0 ?        S    17:56   0:00 [irq/9-acpi]
root          40  0.0  0.0      0     0 ?        I<   17:56   0:00 [kworker/R-tpm_dev_wq]
root          41  0.0  0.0      0     0 ?        I<   17:56   0:00 [kworker/R-edac-poller]
root          42  0.0  0.0      0     0 ?        I<   17:56   0:00 [kworker/R-devfreq_wq]
root          43  0.0  0.0      0     0 ?        I<   17:56   0:00 [kworker/0:1H-kblockd]
root          44  0.0  0.0      0     0 ?        S    17:56   0:00 [kswapd0]
root          51  0.0  0.0      0     0 ?        I<   17:56   0:00 [kworker/R-kthrotld]
root          55  0.0  0.0      0     0 ?        I<   17:56   0:00 [kworker/R-acpi_thermal_pm]
root          56  0.0  0.0      0     0 ?        I<   17:56   0:00 [kworker/R-mld]
root          57  0.0  0.0      0     0 ?        I<   17:56   0:00 [kworker/R-ipv6_addrconf]
root          62  0.0  0.0      0     0 ?        I<   17:56   0:00 [kworker/R-kstrp]
root          64  0.0  0.0      0     0 ?        I<   17:56   0:00 [kworker/u5:0]
root         163  0.0  0.0      0     0 ?        I    17:56   0:00 [kworker/0:2-mm_percpu_wq]
root         166  0.0  0.0      0     0 ?        I<   17:56   0:00 [kworker/R-ata_sff]
root         167  0.0  0.0      0     0 ?        S    17:56   0:00 [scsi_eh_0]
root         168  0.0  0.0      0     0 ?        I<   17:56   0:00 [kworker/R-scsi_tmf_0]
root         169  0.0  0.0      0     0 ?        S    17:56   0:00 [scsi_eh_1]
root         170  0.0  0.0      0     0 ?        I<   17:56   0:00 [kworker/R-scsi_tmf_1]
root         171  0.0  0.0      0     0 ?        I    17:56   0:00 [kworker/u4:3-flush-8:0]
root         172  0.0  0.0      0     0 ?        I    17:56   0:00 [kworker/0:3-ata_sff]
root         173  0.0  0.0      0     0 ?        S    17:56   0:00 [scsi_eh_2]
root         174  0.0  0.0      0     0 ?        I<   17:56   0:00 [kworker/R-scsi_tmf_2]
root         176  0.0  0.0      0     0 ?        I<   17:56   0:00 [kworker/0:2H-kblockd]
root         207  0.0  0.0      0     0 ?        S    17:56   0:00 [jbd2/sda1-8]
root         208  0.0  0.0      0     0 ?        I<   17:56   0:00 [kworker/R-ext4-rsv-conversion]
root         250  0.0  1.0  42716 10368 ?        Ss   17:56   0:00 /usr/lib/systemd/systemd-journald
root         293  0.0  0.0      0     0 ?        I    17:56   0:00 [kworker/0:4-events]
root         299  0.0  1.0  35384 10272 ?        Ss   17:56   0:00 /usr/lib/systemd/systemd-udevd
root         301  0.0  0.0      0     0 ?        S    17:56   0:00 [psimon]
root         353  0.0  0.0      0     0 ?        S    17:56   0:00 [irq/18-vmwgfx]
root         356  0.0  0.0      0     0 ?        I<   17:56   0:00 [kworker/R-ttm]
root         381  0.0  0.0      0     0 ?        I<   17:56   0:00 [kworker/R-cryptd]
root         457  0.0  0.0      0     0 ?        S    17:56   0:00 [jbd2/sda5-8]
root         458  0.0  0.0      0     0 ?        I<   17:56   0:00 [kworker/R-ext4-rsv-conversion]
root         459  0.0  0.0      0     0 ?        S    17:56   0:00 [jbd2/sda7-8]
root         460  0.0  0.0      0     0 ?        I<   17:56   0:00 [kworker/R-ext4-rsv-conversion]
systemd+     464  0.0  0.8  91872  8156 ?        Ssl  17:56   0:00 /usr/lib/systemd/systemd-timesyncd
root         559  0.0  0.2  12960  2180 ?        S<sl 17:56   0:00 /usr/sbin/auditd
root         619  0.0  0.2   5572  2264 ?        Ss   17:56   0:00 /usr/sbin/anacron -d -q -s
root         620  0.0  0.2   6864  2880 ?        Ss   17:56   0:00 /usr/sbin/cron -f
message+     621  0.0  0.4   8332  4920 ?        Ss   17:56   0:00 /usr/bin/dbus-daemon --system --address=systemd: --nofork --nopidfile --systemd-activation --syslog-only
root         648  0.0  0.4 219688  4948 ?        Ssl  17:56   0:00 /usr/sbin/rsyslogd -n -iNONE
root         666  0.0  0.9  18888  9208 ?        Ss   17:56   0:00 /usr/lib/systemd/systemd-logind
root         712  0.0  0.6  17520  6688 ?        Ss   17:56   0:00 /usr/sbin/wpa_supplicant -u -s -O DIR=/run/wpa_supplicant GROUP=netdev
root         735  0.2  2.8 445548 28300 ?        Ssl  17:56   0:00 /usr/bin/python3 /usr/bin/fail2ban-server -xf start
root         741  0.0  0.6   9592  6120 ?        Ss   17:56   0:00 login -- jessie
root         742  0.0  0.7  11768  7920 ?        Ss   17:56   0:00 sshd: /usr/sbin/sshd -D [listener] 0 of 10-100 startups
root         751  0.0  0.0      0     0 ?        I    17:56   0:00 [kworker/u4:4-flush-8:0]
root         762  0.0  0.0      0     0 ?        S    17:56   0:00 [psimon]
jessie       764  0.0  1.2  22208 12392 ?        Ss   17:56   0:00 /usr/lib/systemd/systemd --user
jessie       766  0.0  0.3  24616  3788 ?        S    17:56   0:00 (sd-pam)
jessie       775  0.0  0.3   7228  3544 ?        Ss   17:56   0:00 /usr/bin/mpris-proxy
jessie       776  0.0  0.5   8824  5692 tty1     Ss   17:56   0:00 -bash
jessie       779  0.0  0.4   8192  4556 ?        Ss   17:56   0:00 /usr/bin/dbus-daemon --session --address=systemd: --nofork --nopidfile --systemd-activation --syslog-only
jessie       786  0.0  0.4   9800  4684 tty1     R+   17:58   0:00 ps -aux
