2025-11-08_lynis-report.data.log:binaries_sgid_count=/usr/bin/chage /usr/bin/crontab /usr/bin/dotlockfile /usr/bin/expiry /usr/bin/ssh-agent /usr/sbin/unix_chkpwd 
2025-11-08_lynis-report.data.log:running_service[]=ssh
2025-11-08_lynis-report.data.log:boot_service[]=ssh
2025-11-08_lynis-report.data.log:boot_service[]=sshd-keygen
2025-11-08_lynis-report.data.log:network_listen[]=raw,ss,v1|tcp|0.0.0.0:22|sshd|
2025-11-08_lynis-report.data.log:network_listen[]=raw,ss,v1|tcp|[::]:22|sshd|
2025-11-08_lynis-report.data.log:suggestion[]=SSH-7408|Consider hardening SSH configuration|AllowTcpForwarding (set YES to NO)|-|
2025-11-08_lynis-report.data.log:details[]=SSH-7408|sshd|desc:sshd option AllowTcpForwarding;field:AllowTcpForwarding;prefval:NO;value:YES;|
2025-11-08_lynis-report.data.log:suggestion[]=SSH-7408|Consider hardening SSH configuration|ClientAliveCountMax (set 3 to 2)|-|
2025-11-08_lynis-report.data.log:details[]=SSH-7408|sshd|desc:sshd option ClientAliveCountMax;field:ClientAliveCountMax;prefval:2;value:3;|
2025-11-08_lynis-report.data.log:suggestion[]=SSH-7408|Consider hardening SSH configuration|LogLevel (set INFO to VERBOSE)|-|
2025-11-08_lynis-report.data.log:details[]=SSH-7408|sshd|desc:sshd option LogLevel;field:LogLevel;prefval:VERBOSE;value:INFO;|
2025-11-08_lynis-report.data.log:suggestion[]=SSH-7408|Consider hardening SSH configuration|MaxAuthTries (set 6 to 3)|-|
2025-11-08_lynis-report.data.log:details[]=SSH-7408|sshd|desc:sshd option MaxAuthTries;field:MaxAuthTries;prefval:3;value:6;|
2025-11-08_lynis-report.data.log:suggestion[]=SSH-7408|Consider hardening SSH configuration|MaxSessions (set 10 to 2)|-|
2025-11-08_lynis-report.data.log:details[]=SSH-7408|sshd|desc:sshd option MaxSessions;field:MaxSessions;prefval:2;value:10;|
2025-11-08_lynis-report.data.log:suggestion[]=SSH-7408|Consider hardening SSH configuration|Port (set 22 to )|-|
2025-11-08_lynis-report.data.log:details[]=SSH-7408|sshd|desc:sshd option Port;field:Port;prefval:;value:22;|
2025-11-08_lynis-report.data.log:suggestion[]=SSH-7408|Consider hardening SSH configuration|TCPKeepAlive (set YES to NO)|-|
2025-11-08_lynis-report.data.log:details[]=SSH-7408|sshd|desc:sshd option TCPKeepAlive;field:TCPKeepAlive;prefval:NO;value:YES;|
2025-11-08_lynis-report.data.log:suggestion[]=SSH-7408|Consider hardening SSH configuration|X11Forwarding (set YES to NO)|-|
2025-11-08_lynis-report.data.log:details[]=SSH-7408|sshd|desc:sshd option X11Forwarding;field:X11Forwarding;prefval:NO;value:YES;|
2025-11-08_lynis-report.data.log:suggestion[]=SSH-7408|Consider hardening SSH configuration|AllowAgentForwarding (set YES to NO)|-|
2025-11-08_lynis-report.data.log:details[]=SSH-7408|sshd|desc:sshd option AllowAgentForwarding;field:AllowAgentForwarding;prefval:NO;value:YES;|
2025-11-08_lynis-report.data.log:ssh_daemon_running=1
2025-11-08_lynis-report.data.log:openssh_daemon_running=1
2025-11-08_lynis-report.data.log:fail2ban_enabled_service[]=sshd
2025-11-08_lynis-report.data.log:home_directory[]=/run/sshd
2025-11-08_lynis-report.data.log:installed_packages_array=|adduser,3.152|alsa-topology-conf,1.2.5.1-3|alsa-ucm-conf,1.2.14-1|anacron,2.3-43|apparmor,4.1.0-1|apt,3.0.3|apt-listchanges,4.8|apt-utils,3.0.3|auditd,1:4.0.2-2+b2|base-files,13.8+deb13u1|base-passwd,3.6.7|bash,5.2.37-2+b5|bash-completion,1:2.16.0-7|bind9-dnsutils,1:9.20.15-1~deb13u1|bind9-host,1:9.20.15-1~deb13u1|bind9-libs:amd64,1:9.20.15-1~deb13u1|bluetooth,5.82-1.1|bluez,5.82-1.1|bsdextrautils,2.41-5|bsdutils,1:2.41-5|busybox,1:1.37.0-6+b3|bzip2,1.0.8-6|ca-certificates,20250419|console-setup,1.240|console-setup-linux,1.240|coreutils,9.7-3|cpio,2.15+dfsg-2|cron,3.0pl1-197|cron-daemon-common,3.0pl1-197|dash,0.5.12-12|dbus,1.16.2-2|dbus-bin,1.16.2-2|dbus-daemon,1.16.2-2|dbus-session-bus-common,1.16.2-2|dbus-system-bus-common,1.16.2-2|dbus-user-session,1.16.2-2|debconf,1.5.91|debconf-i18n,1.5.91|debian-archive-keyring,2025.1|debian-faq,12.2|debianutils,5.23.2|dhcpcd-base,1:10.1.0-11|dictionaries-common,1.30.10|diffutils,1:3.10-4|distro-info-data,0.66|dmidecode,3.6-2|dmsetup,2:1.02.205-2|doc-debian,11.3+nmu1|dpkg,1.22.21|dracut-install,106-6|e2fsprogs,1.47.2-3+b3|eject,2.41-5|emacsen-common,3.0.8|fail2ban,1.1.0-8|fdisk,2.41-5|file,1:5.46-5|findutils,4.10.0-3|gcc-14-base:amd64,14.2.0-19|gettext-base,0.23.1-2|grep,3.11-4|groff-base,1.23.0-9|grub-common,2.12-9|grub-pc,2.12-9|grub-pc-bin,2.12-9|grub2-common,2.12-9|gzip,1.13-1|hostname,3.25|iamerican,3.4.06-1|ibritish,3.4.06-1|ienglish-common,3.4.06-1|ifupdown,0.8.44|inetutils-telnet,2:2.6-3|init,1.69~deb13u1|init-system-helpers,1.69~deb13u1|initramfs-tools,0.148.3|initramfs-tools-bin,0.148.3|initramfs-tools-core,0.148.3|installation-report,2.97|intel-microcode,3.20250812.1~deb13u1|iproute2,6.15.0-1|iputils-ping,3:20240905-3|iso-codes,4.18.0-1|ispell,3.4.06-1|iucode-tool,2.3.1-3|iw,6.9-1|kbd,2.7.1-2|keyboard-configuration,1.240|klibc-utils,2.0.14-1|kmod,34.2-2|krb5-locales,1.21.3-5|laptop-detect,0.16+nmu1|less,668-1|libacl1:amd64,2.3.2-2+b1|libapparmor1:amd64,4.1.0-1|libapt-pkg7.0:amd64,3.0.3|libasound2-data,1.2.14-1|libasound2t64:amd64,1.2.14-1|libatomic1:amd64,14.2.0-19|libattr1:amd64,1:2.5.2-3|libaudit-common,1:4.0.2-2|libaudit1:amd64,1:4.0.2-2+b2|libauparse0t64:amd64,1:4.0.2-2+b2|libblkid1:amd64,2.41-5|libbpf1:amd64,1:1.5.0-3|libbrotli1:amd64,1.1.0-2+b7|libbsd0:amd64,0.12.2-2|libbz2-1.0:amd64,1.0.8-6|libc-bin,2.41-12|libc-l10n,2.41-12|libc6:amd64,2.41-12|libcap-ng0:amd64,0.8.5-4+b1|libcap2-bin,1:2.75-10+b1|libcap2:amd64,1:2.75-10+b1|libcbor0.10:amd64,0.10.2-2|libcom-err2:amd64,1.47.2-3+b3|libcrypt1:amd64,1:4.4.38-1|libdb5.3t64:amd64,5.3.28+dfsg2-9|libdbus-1-3:amd64,1.16.2-2|libdebconfclient0:amd64,0.280|libdevmapper1.02.1:amd64,2:1.02.205-2|libdw1t64:amd64,0.192-4|libedit2:amd64,3.1-20250104-1|libefiboot1t64:amd64,38-3.1+b1|libefivar1t64:amd64,38-3.1+b1|libelf1t64:amd64,0.192-4|libestr0:amd64,0.1.11-2|libexpat1:amd64,2.7.1-2|libext2fs2t64:amd64,1.47.2-3+b3|libfastjson4:amd64,1.2304.0-2|libfdisk1:amd64,2.41-5|libffi8:amd64,3.4.8-2|libfido2-1:amd64,1.15.0-1+b1|libfreetype6:amd64,2.13.3+dfsg-1|libfstrm0:amd64,0.6.1-1+b3|libfuse3-4:amd64,3.17.2-3|libgcc-s1:amd64,14.2.0-19|libgdbm-compat4t64:amd64,1.24-2|libgdbm6t64:amd64,1.24-2|libglib2.0-0t64:amd64,2.84.4-3~deb13u1|libglib2.0-data,2.84.4-3~deb13u1|libgmp10:amd64,2:6.3.0+dfsg-3|libgnutls30t64:amd64,3.8.9-3|libgssapi-krb5-2:amd64,1.21.3-5|libhogweed6t64:amd64,3.10.1-1|libidn2-0:amd64,2.3.8-2|libiw30t64:amd64,30~pre9-18+b1|libjansson4:amd64,2.14-2+b3|libjemalloc2:amd64,5.3.0-3|libjson-c5:amd64,0.18+ds-1|libk5crypto3:amd64,1.21.3-5|libkeyutils1:amd64,1.6.3-6|libklibc:amd64,2.0.14-1|libkmod2:amd64,34.2-2|libkrb5-3:amd64,1.21.3-5|libkrb5support0:amd64,1.21.3-5|liblastlog2-2:amd64,2.41-5|liblmdb0:amd64,0.9.31-1+b2|liblocale-gettext-perl,1.07-7+b1|liblockfile-bin,1.17-2|liblognorm5:amd64,2.0.6-5|liblsof0,4.99.4+dfsg-2|liblz4-1:amd64,1.10.0-4|liblzma5:amd64,5.8.1-1|libmagic-mgc,1:5.46-5|libmagic1t64:amd64,1:5.46-5|libmaxminddb0:amd64,1.12.2-1|libmd0:amd64,1.1.0-2+b1|libmnl0:amd64,1.0.5-3|libmount1:amd64,2.41-5|libncursesw6:amd64,6.5+20250216-2|libnettle8t64:amd64,3.10.1-1|libnewt0.52:amd64,0.52.25-1|libnftables1:amd64,1.1.3-1|libnftnl11:amd64,1.2.9-1|libnghttp2-14:amd64,1.64.0-1.1|libnl-3-200:amd64,3.7.0-2|libnl-genl-3-200:amd64,3.7.0-2|libnl-route-3-200:amd64,3.7.0-2|libnss-systemd:amd64,257.8-1~deb13u2|libp11-kit0:amd64,0.25.5-3|libpam-modules-bin,1.7.0-5|libpam-modules:amd64,1.7.0-5|libpam-runtime,1.7.0-5|libpam-systemd:amd64,257.8-1~deb13u2|libpam-wtmpdb:amd64,0.73.0-3|libpam0g:amd64,1.7.0-5|libpci3:amd64,1:3.13.0-2|libpcre2-8-0:amd64,10.46-1~deb13u1|libpcsclite1:amd64,2.3.3-1|libperl5.40:amd64,5.40.1-6|libpipeline1:amd64,1.5.8-1|libpng16-16t64:amd64,1.6.48-1|libpopt0:amd64,1.19+dfsg-2|libproc2-0:amd64,2:4.0.4-9|libprotobuf-c1:amd64,1.5.1-1|libpsl5t64:amd64,0.21.2-1.1+b1|libpython3-stdlib:amd64,3.13.5-1|libpython3.13-minimal:amd64,3.13.5-2|libpython3.13-stdlib:amd64,3.13.5-2|libreadline8t64:amd64,8.2-6|libseccomp2:amd64,2.6.0-2|libselinux1:amd64,3.8.1-1|libsemanage-common,3.8.1-1|libsemanage2:amd64,3.8.1-1|libsepol2:amd64,3.8.1-1|libslang2:amd64,2.3.3-5+b2|libsmartcols1:amd64,2.41-5|libsqlite3-0:amd64,3.46.1-7|libss2:amd64,1.47.2-3+b3|libssl3t64:amd64,3.5.1-1+deb13u1|libstdc++6:amd64,14.2.0-19|libsystemd-shared:amd64,257.8-1~deb13u2|libsystemd0:amd64,257.8-1~deb13u2|libtasn1-6:amd64,4.20.0-2|libtext-charwidth-perl:amd64,0.04-11+b4|libtext-iconv-perl:amd64,1.7-8+b4|libtext-wrapi18n-perl,0.06-10|libtinfo6:amd64,6.5+20250216-2|libtirpc-common,1.3.6+ds-1|libtirpc3t64:amd64,1.3.6+ds-1|libuchardet0:amd64,0.0.8-1+b2|libudev1:amd64,257.8-1~deb13u2|libunistring5:amd64,1.3-2|liburcu8t64:amd64,0.15.2-2|libusb-1.0-0:amd64,2:1.0.28-1|libuuid1:amd64,2.41-5|libuv1t64:amd64,1.50.0-2|libwrap0:amd64,7.6.q-36|libwtmpdb0:amd64,0.73.0-3|libx11-6:amd64,2:1.8.12-1|libx11-data,2:1.8.12-1|libxau6:amd64,1:1.0.11-1|libxcb1:amd64,1.17.0-2+b1|libxdmcp6:amd64,1:1.1.5-1|libxext6:amd64,2:1.3.4-1+b3|libxml2:amd64,2.12.7+dfsg+really2.9.14-2.1+deb13u1|libxmuu1:amd64,2:1.1.3-3+b4|libxtables12:amd64,1.8.11-2|libxxhash0:amd64,0.8.3-2|libzstd1:amd64,1.5.7+dfsg-1|linux-base,4.12|linux-image-6.12.43+deb13-amd64,6.12.43-1|linux-image-6.12.48+deb13-amd64,6.12.48-1|linux-image-amd64,6.12.48-1|linux-sysctl-defaults,4.12|locales,2.41-12|login,1:4.16.0-2+really2.41-5|login.defs,1:4.17.4-2|logrotate,3.22.0-1|logsave,1.47.2-3+b3|lsb-release,12.1-1|lsof,4.99.4+dfsg-2|lynis,3.1.4-1|man-db,2.13.1-1|manpages,6.9.1-1|mawk,1.3.4.20250131-1|media-types,13.0.0|menu,2.1.51|mount,2.41-5|nano,8.4-1|ncurses-base,6.5+20250216-2|ncurses-bin,6.5+20250216-2|ncurses-term,6.5+20250216-2|netbase,6.5|netcat-traditional,1.10-50|nftables,1.1.3-1|openssh-client,1:10.0p1-7|openssh-server,1:10.0p1-7|openssh-sftp-server,1:10.0p1-7|openssl,3.5.1-1+deb13u1|openssl-provider-legacy,3.5.1-1+deb13u1|os-prober,1.83|passwd,1:4.17.4-2|pci.ids,0.0~2025.06.09-1|pciutils,1:3.13.0-2|perl,5.40.1-6|perl-base,5.40.1-6|perl-modules-5.40,5.40.1-6|powertop,2.15-4|procps,2:4.0.4-9|publicsuffix,20250328.1952-0.1|python-apt-common,3.0.0|python3,3.13.5-1|python3-apt,3.0.0|python3-autocommand,2.2.2-3|python3-certifi,2025.1.31+ds-1|python3-chardet,5.2.0+dfsg-2|python3-charset-normalizer,3.4.2-1|python3-debconf,1.5.91|python3-debian,1.0.1|python3-debianbts,4.1.1|python3-idna,3.10-1|python3-inflect,7.3.1-2|python3-jaraco.context,6.0.1-1|python3-jaraco.functools,4.1.0-1|python3-jaraco.text,4.0.0-1|python3-minimal,3.13.5-1|python3-more-itertools,10.7.0-1|python3-pkg-resources,78.1.1-0.1|python3-pyasyncore,1.0.2-3|python3-pyinotify,0.9.6-5|python3-reportbug,13.2.0|python3-requests,2.32.3+dfsg-5|python3-setuptools,78.1.1-0.1|python3-systemd,235-1+b6|python3-typeguard,4.4.2-1|python3-typing-extensions,4.13.2-1|python3-urllib3,2.3.0-3|python3-zipp,3.21.0-1|python3.13,3.13.5-2|python3.13-minimal,3.13.5-2|readline-common,8.2-6|reportbug,13.2.0|rsyslog,8.2504.0-1|runit-helper,2.16.4|sed,4.9-2|sensible-utils,0.0.25|shared-mime-info,2.4-5+b2|sqv,1.3.0-3|sudo,1.9.16p2-3|systemd,257.8-1~deb13u2|systemd-sysv,257.8-1~deb13u2|systemd-timesyncd,257.8-1~deb13u2|sysvinit-utils,3.14-4|tar,1.35+dfsg-3.1|task-english,3.81|task-laptop,3.81|task-ssh-server,3.81|tasksel,3.81|tasksel-data,3.81|traceroute,1:2.1.6-1|tzdata,2025b-4+deb13u1|ucf,3.0052|udev,257.8-1~deb13u2|usbutils,1:018-2|util-linux,2.41-5|util-linux-extra,2.41-5|util-linux-locales,2.41-5|vim-common,2:9.1.1230-2|vim-tiny,2:9.1.1230-2|wamerican,2020.12.07-4|wget,1.25.0-2|whiptail,0.52.25-1|whois,5.6.3|wireless-regdb,2025.07.10-1|wireless-tools,30~pre9-18+b1|wpasupplicant,2:2.10-24|wtmpdb,0.73.0-3|xauth,1:1.1.2-1.1|xdg-user-dirs,0.18-2|xkb-data,2.42-1|xz-utils,5.8.1-1|zlib1g:amd64,1:1.3.dfsg+really1.3.1-1+b1|zstd,1.5.7+dfsg-1
2025-11-08_lynis-report.data.log:tests_executed=HRDN-7231|HRDN-7230|HRDN-7222|HRDN-7220|KRNL-6000|HOME-9350|HOME-9310|HOME-9306|HOME-9304|HOME-9302|FILE-7524|MALW-3290|MALW-3291|MALW-3284|MALW-3282|MALW-3280|MALW-3278|MALW-3276|MALW-3275|MALW-3274|TOOL-5190|TOOL-5128|TOOL-5126|TOOL-5130|TOOL-5122|TOOL-5120|TOOL-5104|TOOL-5102|TOOL-5002|FINT-4350|FINT-4344|FINT-4338|FINT-4330|FINT-4328|FINT-4326|FINT-4322|FINT-4318|FINT-4314|FINT-4310|MACF-6290|RBAC-6272|MACF-6240|MACF-6232|MACF-6208|MACF-6204|CONT-8102|CRYP-8006|CRYP-8005|CRYP-8004|CRYP-8002|CRYP-7930|CRYP-7902|TIME-3185|TIME-3170|TIME-3148|TIME-3104|ACCT-9636|ACCT-9634|ACCT-9632|ACCT-9630|ACCT-9628|ACCT-9626|ACCT-9622|SCHD-7718|SCHD-7704|SCHD-7702|BANN-7130|BANN-7128|BANN-7126|BANN-7124|INSE-8320|INSE-8318|INSE-8316|INSE-8314|INSE-8322|INSE-8310|INSE-8304|INSE-8300|INSE-8102|INSE-8100|INSE-8000|LOGG-2192|LOGG-2190|LOGG-2180|LOGG-2170|LOGG-2154|LOGG-2150|LOGG-2148|LOGG-2146|LOGG-2144|LOGG-2142|LOGG-2138|LOGG-2240|LOGG-2230|LOGG-2210|LOGG-2136|LOGG-2132|LOGG-2130|SQD-3602|PHP-2211|LDAP-2219|DBS-1880|DBS-1860|DBS-1840|DBS-1826|DBS-1820|DBS-1818|DBS-1804|SNMP-3302|SSH-7440|SSH-7408|SSH-7406|SSH-7404|SSH-7402|HTTP-6702|HTTP-6622|FIRE-4594|FIRE-4590|FIRE-4586|FIRE-4540|FIRE-4538|FIRE-4536|FIRE-4524|FIRE-4502|MAIL-8880|MAIL-8860|MAIL-8838|MAIL-8820|MAIL-8814|MAIL-8802|PRNT-2314|PRNT-2304|NETW-3200|NETW-3032|NETW-3030|NETW-3015|NETW-3012|NETW-3008|NETW-3006|NETW-3004|NETW-2705|NETW-2704|NETW-2600|NETW-2400|PKGS-7420|PKGS-7410|PKGS-7398|PKGS-7394|PKGS-7392|PKGS-7390|PKGS-7388|PKGS-7370|PKGS-7346|PKGS-7345|NAME-4408|NAME-4406|NAME-4404|NAME-4402|NAME-4304|NAME-4230|NAME-4202|NAME-4034|NAME-4032|NAME-4028|NAME-4020|NAME-4018|NAME-4016|STRG-1920|STRG-1846|USB-3000|USB-2000|USB-1000|FILE-6430|FILE-6394|FILE-6376|FILE-6374|FILE-6372|FILE-6368|FILE-6363|FILE-6362|FILE-6354|FILE-6344|FILE-6336|FILE-6332|FILE-6329|FILE-6324|FILE-6323|FILE-6310|SHLL-6230|SHLL-6220|SHLL-6211|KRB-1000|AUTH-9408|AUTH-9402|AUTH-9328|AUTH-9308|AUTH-9288|AUTH-9286|AUTH-9284|AUTH-9283|AUTH-9282|AUTH-9278|AUTH-9268|AUTH-9266|AUTH-9264|AUTH-9262|AUTH-9252|AUTH-9250|AUTH-9242|AUTH-9240|AUTH-9234|AUTH-9230|AUTH-9229|AUTH-9228|AUTH-9226|AUTH-9222|AUTH-9216|AUTH-9208|AUTH-9204|PROC-3802|PROC-3614|PROC-3612|PROC-3602|KRNL-5830|KRNL-5820|KRNL-5788|KRNL-5730|KRNL-5728|KRNL-5726|KRNL-5723|KRNL-5695|KRNL-5677|KRNL-5622|BOOT-5264|BOOT-5260|BOOT-5202|BOOT-5184|BOOT-5180|BOOT-5177|BOOT-5155|BOOT-5142|BOOT-5140|BOOT-5139|BOOT-5122|BOOT-5121|BOOT-5116|BOOT-5109|BOOT-5108|BOOT-5104|DEB-0880|DEB-0831|DEB-0811|DEB-0810|DEB-0280|DEB-0001|CORE-1000|

2025-11-08 08:07:22   Found known binary: ssh-keyscan (scanner for SSH keys) - /usr/bin/ssh-keyscan
2025-11-08 08:07:22 Found /usr/sbin/sshd (version 10.0)
2025-11-08 08:07:22 Result: set-gid binaries: /usr/bin/chage /usr/bin/crontab /usr/bin/dotlockfile /usr/bin/expiry /usr/bin/ssh-agent /usr/sbin/unix_chkpwd 
2025-11-08 08:07:23 Binary: /bin/ssh
2025-11-08 08:07:23 Binary: /bin/ssh-add
2025-11-08 08:07:23 Binary: /bin/ssh-agent
2025-11-08 08:07:23 Binary: /bin/ssh-argv0
2025-11-08 08:07:23 Binary: /bin/ssh-copy-id
2025-11-08 08:07:23 Binary: /bin/ssh-keygen
2025-11-08 08:07:23 Binary: /bin/ssh-keyscan
2025-11-08 08:07:23 Binary: /sbin/sshd
2025-11-08 08:07:24 Binary: /usr/bin/ssh
2025-11-08 08:07:24 Binary: /usr/bin/ssh-add
2025-11-08 08:07:24 Binary: /usr/bin/ssh-agent
2025-11-08 08:07:24 Binary: /usr/bin/ssh-argv0
2025-11-08 08:07:24 Binary: /usr/bin/ssh-copy-id
2025-11-08 08:07:24 Binary: /usr/bin/ssh-keygen
2025-11-08 08:07:24 Binary: /usr/bin/ssh-keyscan
2025-11-08 08:07:24 Binary: /usr/sbin/sshd
2025-11-08 08:07:25 Result: found file ssh_host_ed25519_key.pub in /etc/ssh, using that as candidate to create hostid2
2025-11-08 08:07:25 Using SSH public key to create hostid2
2025-11-08 08:07:25 Hash (ssh or machineid): 9ff3ce3f996df81853f929a1183a2599fa3a3b2db445b42b3c1d9a09b7b338bc
2025-11-08 08:07:25 hostid2-generation: method ssh-public-key
2025-11-08 08:07:25 Found running service: ssh
2025-11-08 08:07:25 Found enabled service at boot: ssh
2025-11-08 08:07:25 Found enabled service at boot: sshd-keygen
2025-11-08 08:07:25 Test: checking permissions of file /etc/init.d/ssh
2025-11-08 08:07:25 Result: good, file /etc/init.d/ssh not world writable
2025-11-08 08:07:25 Action: checking symlink for file /etc/rc2.d/S01ssh
2025-11-08 08:07:25 Note: Using real readlink binary to determine symlink on /etc/rc2.d/S01ssh
2025-11-08 08:07:25 Result: readlink shows /etc/init.d/ssh as output
2025-11-08 08:07:25 Result: symlink found, pointing to file /etc/init.d/ssh
2025-11-08 08:07:25 Result: good, file /etc/rc2.d/S01ssh not world writable
2025-11-08 08:07:25 Action: checking symlink for file /etc/rc3.d/S01ssh
2025-11-08 08:07:25 Note: Using real readlink binary to determine symlink on /etc/rc3.d/S01ssh
2025-11-08 08:07:25 Result: readlink shows /etc/init.d/ssh as output
2025-11-08 08:07:25 Result: symlink found, pointing to file /etc/init.d/ssh
2025-11-08 08:07:25 Result: good, file /etc/rc3.d/S01ssh not world writable
2025-11-08 08:07:25 Action: checking symlink for file /etc/rc4.d/S01ssh
2025-11-08 08:07:25 Note: Using real readlink binary to determine symlink on /etc/rc4.d/S01ssh
2025-11-08 08:07:25 Result: readlink shows /etc/init.d/ssh as output
2025-11-08 08:07:25 Result: symlink found, pointing to file /etc/init.d/ssh
2025-11-08 08:07:25 Result: good, file /etc/rc4.d/S01ssh not world writable
2025-11-08 08:07:26 Action: checking symlink for file /etc/rc5.d/S01ssh
2025-11-08 08:07:26 Note: Using real readlink binary to determine symlink on /etc/rc5.d/S01ssh
2025-11-08 08:07:26 Result: readlink shows /etc/init.d/ssh as output
2025-11-08 08:07:26 Result: symlink found, pointing to file /etc/init.d/ssh
2025-11-08 08:07:26 Result: good, file /etc/rc5.d/S01ssh not world writable
2025-11-08 08:07:26 Result: ssh.service has exposure value 9.6 with predicate 'UNSAFE'
2025-11-08 08:07:26 Result: sshd@sshd-keygen.service has exposure value 9.6 with predicate 'UNSAFE'
2025-11-08 08:07:27 Found file: /etc/pam.d/sshd
2025-11-08 08:07:29 Found package: openssh-client (version: 1:10.0p1-7)
2025-11-08 08:07:29 Found package: openssh-server (version: 1:10.0p1-7)
2025-11-08 08:07:29 Found package: openssh-sftp-server (version: 1:10.0p1-7)
2025-11-08 08:07:29 Found package: task-ssh-server (version: 3.81)
2025-11-08 08:07:32 Checking permissions of /usr/share/lynis/include/tests_ssh
2025-11-08 08:07:32 Action: Performing tests from category: SSH Support
2025-11-08 08:07:32 Performing test ID SSH-7402 (Check for running SSH daemon)
2025-11-08 08:07:32 Test: Searching for a SSH daemon
2025-11-08 08:07:32 IsRunning: process 'sshd' found (743 )
2025-11-08 08:07:32 Performing test ID SSH-7404 (Check SSH daemon file location)
2025-11-08 08:07:32 Test: searching for sshd_config file
2025-11-08 08:07:32 Result: /etc/ssh/sshd_config exists
2025-11-08 08:07:32 Test: check if we can access /etc/ssh/sshd_config (escaped: /etc/ssh/sshd_config)
2025-11-08 08:07:32 Result: file /etc/ssh/sshd_config is readable (or directory accessible).
2025-11-08 08:07:32 Result: using last found configuration file: /etc/ssh/sshd_config
2025-11-08 08:07:32 Performing test ID SSH-7406 (Determine OpenSSH version)
2025-11-08 08:07:32 Result: discovered OpenSSH version is 10.0
2025-11-08 08:07:32 Result: OpenSSH major version: 10
2025-11-08 08:07:32 Result: OpenSSH minor version: 0
2025-11-08 08:07:32 Performing test ID SSH-7408 (Check SSH specific defined options)
2025-11-08 08:07:32 Result: OpenSSH option AllowTcpForwarding is in a weak configuration state and should be fixed
2025-11-08 08:07:32 Suggestion: Consider hardening SSH configuration [test:SSH-7408] [details:AllowTcpForwarding (set YES to NO)] [solution:-]
2025-11-08 08:07:32 Result: OpenSSH option ClientAliveCountMax is configured reasonably
2025-11-08 08:07:32 Suggestion: Consider hardening SSH configuration [test:SSH-7408] [details:ClientAliveCountMax (set 3 to 2)] [solution:-]
2025-11-08 08:07:32 Result: OpenSSH option ClientAliveInterval is configured very well
2025-11-08 08:07:32 Result: OpenSSH option FingerprintHash is configured very well
2025-11-08 08:07:32 Result: OpenSSH option GatewayPorts is configured very well
2025-11-08 08:07:32 Result: OpenSSH option IgnoreRhosts is configured very well
2025-11-08 08:07:32 Result: OpenSSH option LoginGraceTime is configured very well
2025-11-08 08:07:32 Result: OpenSSH option LogLevel is configured reasonably
2025-11-08 08:07:32 Suggestion: Consider hardening SSH configuration [test:SSH-7408] [details:LogLevel (set INFO to VERBOSE)] [solution:-]
2025-11-08 08:07:32 Result: OpenSSH option MaxAuthTries is configured reasonably
2025-11-08 08:07:32 Suggestion: Consider hardening SSH configuration [test:SSH-7408] [details:MaxAuthTries (set 6 to 3)] [solution:-]
2025-11-08 08:07:32 Result: OpenSSH option MaxSessions is in a weak configuration state and should be fixed
2025-11-08 08:07:32 Suggestion: Consider hardening SSH configuration [test:SSH-7408] [details:MaxSessions (set 10 to 2)] [solution:-]
2025-11-08 08:07:32 Result: OpenSSH option PermitRootLogin is configured very well
2025-11-08 08:07:32 Result: OpenSSH option PermitUserEnvironment is configured very well
2025-11-08 08:07:32 Result: OpenSSH option PermitTunnel is configured very well
2025-11-08 08:07:32 Result: OpenSSH option Port is in a weak configuration state and should be fixed
2025-11-08 08:07:32 Suggestion: Consider hardening SSH configuration [test:SSH-7408] [details:Port (set 22 to )] [solution:-]
2025-11-08 08:07:32 Result: OpenSSH option PrintLastLog is configured very well
2025-11-08 08:07:32 Result: OpenSSH option StrictModes is configured very well
2025-11-08 08:07:32 Result: OpenSSH option TCPKeepAlive is in a weak configuration state and should be fixed
2025-11-08 08:07:32 Suggestion: Consider hardening SSH configuration [test:SSH-7408] [details:TCPKeepAlive (set YES to NO)] [solution:-]
2025-11-08 08:07:32 Result: OpenSSH option UseDNS is configured very well
2025-11-08 08:07:32 Result: OpenSSH option X11Forwarding is in a weak configuration state and should be fixed
2025-11-08 08:07:32 Suggestion: Consider hardening SSH configuration [test:SSH-7408] [details:X11Forwarding (set YES to NO)] [solution:-]
2025-11-08 08:07:32 Result: OpenSSH option AllowAgentForwarding is in a weak configuration state and should be fixed
2025-11-08 08:07:32 Suggestion: Consider hardening SSH configuration [test:SSH-7408] [details:AllowAgentForwarding (set YES to NO)] [solution:-]
2025-11-08 08:07:32 Performing test ID SSH-7440 (Check OpenSSH option: AllowUsers and AllowGroups)
2025-11-08 08:07:32 Result: SSH has no specific user or group limitation. Most likely all valid users can SSH to this machine.
2025-11-08 08:07:38 Result: Unconfined process: unconfined:743:sshd
2025-11-08 08:07:38 Result: service 'sshd' enabled
2025-11-08 08:07:39 Test: checking file/directory /etc/ssh/sshd_config
2025-11-08 08:07:39 Test: checking if file /etc/ssh/sshd_config has the permissions set to 600 (rw-------) or more restrictive
2025-11-08 08:07:39 Outcome: permissions of file /etc/ssh/sshd_config are not matching expected value (644 != 600)
2025-11-08 08:07:39 Test: checking file/directory /root/.ssh
2025-11-08 08:07:39 Test: checking if file /root/.ssh has the permissions set to 700 (rwx------) or more restrictive
2025-11-08 08:07:39 Result: found home directory: /run/sshd (directory exists)
