Nov 06 14:48:11 bastion sudo[872]:   jessie : TTY=tty1 ; PWD=/home/jessie ; USER=root ; COMMAND=/usr/sbin/adduser gitops --shell /usr/sbin/nologin
Nov 06 14:48:11 bastion adduser[875]: Adding user `gitops' ...
Nov 06 14:48:11 bastion adduser[875]: Selecting UID/GID from range 1000 to 59999 ...
Nov 06 14:48:11 bastion adduser[875]: Adding new group `gitops' (1001) ...
Nov 06 14:48:11 bastion groupadd[879]: group added to /etc/group: name=gitops, GID=1001
Nov 06 14:48:11 bastion groupadd[879]: group added to /etc/gshadow: name=gitops
Nov 06 14:48:11 bastion adduser[875]: Adding new user `gitops' (1001) with group `gitops (1001)' ...
Nov 06 14:48:11 bastion useradd[884]: new user: name=gitops, UID=1001, GID=1001, home=/home/gitops, shell=/usr/sbin/nologin, from=/dev/pts/0
Nov 06 14:48:11 bastion adduser[875]: Creating home directory `/home/gitops' ...
Nov 06 14:48:11 bastion adduser[875]: Copying files from `/etc/skel' ...
Nov 06 14:48:52 bastion adduser[875]: `/bin/passwd gitops' failed with status 10. Continuing.
Nov 06 14:48:52 bastion adduser[875]: wrong password given or password retyped incorrectly
Nov 06 14:49:13 bastion adduser[875]: Adding new user `gitops' to supplemental / extra groups `users' ...
Nov 06 14:49:13 bastion adduser[875]: Adding user `gitops' to group `users' ...
Nov 06 14:59:10 bastion sudo[976]:   jessie : TTY=pts/0 ; PWD=/home/gitops/.ssh ; USER=root ; COMMAND=/usr/sbin/adduser aptuser
Nov 06 14:59:10 bastion adduser[983]: Adding user `aptuser' ...
Nov 06 14:59:10 bastion adduser[983]: Selecting UID/GID from range 1000 to 59999 ...
Nov 06 14:59:10 bastion adduser[983]: Adding new group `aptuser' (1002) ...
Nov 06 14:59:10 bastion groupadd[987]: group added to /etc/group: name=aptuser, GID=1002
Nov 06 14:59:10 bastion groupadd[987]: group added to /etc/gshadow: name=aptuser
Nov 06 14:59:10 bastion adduser[983]: Adding new user `aptuser' (1002) with group `aptuser (1002)' ...
Nov 06 14:59:10 bastion useradd[992]: new user: name=aptuser, UID=1002, GID=1002, home=/home/aptuser, shell=/bin/bash, from=/dev/pts/1
Nov 06 14:59:10 bastion adduser[983]: Creating home directory `/home/aptuser' ...
Nov 06 14:59:10 bastion adduser[983]: Copying files from `/etc/skel' ...
Nov 06 14:59:38 bastion adduser[983]: Adding new user `aptuser' to supplemental / extra groups `users' ...
Nov 06 14:59:38 bastion adduser[983]: Adding user `aptuser' to group `users' ...
Nov 07 15:30:19 bastion sudo[34577]:   jessie : TTY=tty1 ; PWD=/var/log ; USER=root ; COMMAND=/usr/bin/grep -E 'useradd|groupadd|adduser|group added|new_user' /var/log/auth.log
Nov 06 14:49:03 bastion passwd[899]: pam_unix(passwd:chauthtok): password changed for gitops
Nov 06 14:59:31 bastion passwd[1001]: pam_unix(passwd:chauthtok): password changed for aptuser
