| Field                  | Description                                                            |
| ---------------------- | ---------------------------------------------------------------------- |
| **Artifact ID:**       | OBS-LAB001-3                                                           |
| **Description:**       | Analysis of user account modifications on bastion host                 |
| **Related Lab:**       | LAB001 — *lab-initialization*                                          |
| **Date Analyzed:**     | 2025-11-12                                                             |
| **Analyst:**           | Jessie Moe                                                             |
| **Source System:**     | bastion  						                                      |
| **Primary Logs Used:** | 2025-11-08_journalctl.log|2025-11-08_auth.log|2025-11-08_accounts.log  |
| **Category:**          | Accounts / Authentication / System                                     |
| **Severity:**          | Medium                                                                 |

Nov 06 14:48:11 bastion sudo[872]:   jessie : TTY=tty1 ; PWD=/home/jessie ; USER=root ; COMMAND=/usr/sbin/adduser gitops --shell /usr/sbin/nologin
Nov 06 14:48:11 bastion adduser[875]: Adding user `gitops' ...
Nov 06 14:48:11 bastion useradd[884]: new user: name=gitops, UID=1001, GID=1001, home=/home/gitops, shell=/usr/sbin/nologin, from=/dev/pts/0
Nov 06 14:48:11 bastion adduser[875]: Creating home directory `/home/gitops' ...
Nov 06 14:49:13 bastion adduser[875]: Adding new user `gitops' to supplemental / extra groups `users' ...
Nov 06 14:49:13 bastion adduser[875]: Adding user `gitops' to group `users' ...
Nov 06 14:59:10 bastion sudo[976]:   jessie : TTY=pts/0 ; PWD=/home/gitops/.ssh ; USER=root ; COMMAND=/usr/sbin/adduser aptuser
Nov 06 14:59:10 bastion adduser[983]: Adding user `aptuser' ...
Nov 06 14:59:10 bastion adduser[983]: Adding new group `aptuser' (1002) ...
Nov 06 14:59:10 bastion adduser[983]: Adding new user `aptuser' (1002) with group `aptuser (1002)' ...
Nov 06 14:59:10 bastion useradd[992]: new user: name=aptuser, UID=1002, GID=1002, home=/home/aptuser, shell=/bin/bash, from=/dev/pts/1
Nov 06 14:59:10 bastion adduser[983]: Creating home directory `/home/aptuser' ...
Nov 06 14:59:38 bastion adduser[983]: Adding new user `aptuser' to supplemental / extra groups `users' ...
Nov 06 14:59:38 bastion adduser[983]: Adding user `aptuser' to group `users' ...
```
Nov 06 14:50:18 bastion sudo[929]:   jessie : TTY=tty1 ; PWD=/home/jessie ; USER=root ; COMMAND=/usr/bin/chmod 700 /home/gitops/.ssh
Nov 06 14:51:02 bastion sudo[933]:   jessie : TTY=tty1 ; PWD=/home/jessie ; USER=root ; COMMAND=/usr/bin/chmod 600 /home/gitops/.ssh/authorized_keys
Nov 06 14:53:13 bastion sudo[941]:   jessie : TTY=tty1 ; PWD=/home/jessie ; USER=root ; COMMAND=/usr/bin/chown -R gitops:gitops /home/gitops/.ssh
Nov 06 15:00:49 bastion sudo[1397]:   jessie : TTY=pts/0 ; PWD=/home/gitops/.ssh ; USER=root ; COMMAND=/usr/bin/chown -R aptuser:aptuser /var/cache/apt-mirror
Nov 06 15:01:09 bastion sudo[1401]:   jessie : TTY=pts/0 ; PWD=/home/gitops/.ssh ; USER=root ; COMMAND=/usr/bin/chmod 750 /var/cache/apt-mirror
